:104A00005542200135D0085A8245A216314000395E
:104A10003F4048000F9308249242A21620012F83A2
:104A20009F4FDABD0011F8233F405A050F9307242A
:104A30009242A21620011F83CF434811F92331501F
:104A4000F6FFB012CC56474F3D4023003E40FF00DA
:104A50003F402812B01244BBF243F915F2438116CD
:104A6000B240805A2001A242600182432E01A2423C
:104A7000800182431E01B24020026001B240200149
:104A80008001F24084FF5700C2435800B24000400A
:104A900082013B400C003D4000080E430C4D0CDEF3
:104AA000594257000A4C8A107AF0070079F0F8FF53
:104AB0004AD9C24A5700C24C5600794003000A4303
:104AC00008430F3C18429001385282489201B2F0DC
:104AD000FEFF820192B38201FD271F427001084A46
:104AE0000A4F7953EF230A883A900104012C0E4CA7
:104AF0000D113B53D3230F4E3FF0E0003F90E000F9
:104B000002203EF0E0FF5C4257000D4E8D107DF01C
:104B100007007CF0F8FF4DDCC24D5700C24E560036
:104B20005E4257007EF007007ED080FFC24E5700E5
:104B3000E2425800F2F0FDFF000082437001B240F3
:104B40000202600182439001B240020180011E42D4
:104B500060013EF0CFFF3ED02000824E60011E4239
:104B600080013EF0CFFF3ED02000824E8001C24344
:104B70002600C2432E00C2431B00C2431F00C24393
:104B80003300C2433700C2432100F240E0FF22005D
:104B9000F24030002900F2407B002A00C243190095
:104BA000F240F1FF1A00F240DDFF1D00F240FDFF70
:104BB0001E00F2433100F2433200C2433500F2439B
:104BC0003600C2432500C2432D001F4270011E4221
:104BD00070010E8F3E900128FA2BE2D31A00F2D218
:104BE0001A00F2D080FF1E00F2D010001E00F2D09A
:104BF00080FF1D00F2D010001D0003430343F2F0BC
:104C0000EFFF1D00F2F0F7FF19005F43B012A4514F
:104C10004F43B012A4515F43B012A4515F43B0128E
:104C2000A4515F43B012A4514F43B012A4514F435B
:104C3000B012A4515F43B012A451F2D010001D0075
:104C4000F2D21900E2D31900F2D010003200F2D0F3
:104C500020003200F2D040003200F2D010003100CB
:104C6000B012D068F2D040003100B0122AB24F9397
:104C7000FC23F2432012C2439213C2439413F24026
:104C80000A002A15C2437B13C2438213C243FA159A
:104C90008243A016C2437916C2432D14B012E050CD
:104CA000C243DD13C243DC13C2433214B012BA5004
:104CB0008243A8018243A401B012B4503FD00C003B
:104CC000B012AE500F412F53B0125C561E4102007D
:104CD0003E931424824E4611824E2211B012CC56BD
:104CE0001B422211B012DE56824B8A13D24220118F
:104CF0005213C24353137F42B012825792410200B3
:104D00008A13B0129E7AB2400004AC11C243B611AD
:104D10008243AE118243B0118243B2118243B41177
:104D2000C2432C14C24320153D401C003E40FF00EE
:104D30003F402E13B01244BB2D423E40FF003F4087
:104D40000416B01244BBF2D010001E00F2D080FF57
:104D50001E00B0121464F2D080FF1D005F43B01239
:104D6000965F4F930220D2437811F2432B13B24344
:104D7000F611C243F811B243FA11C243FC11B24317
:104D8000FE11C2430012B2430212C2430412B01217
:104D90008C60C24E7E15B240C415A411F2F0EFFF34
:104DA0002200E2D21E00F2F0FDFF1E00B2F0EFFF83
:104DB0008601B24000408601F2438013F243811322
:104DC000C2434015C2434115C2434215C243431575
:104DD000E2D21E00F2D040001E00F2D020001E00E1
:104DE000B012CC561B422211B012DE56824B8A13EF
:104DF000B0128053824C6E15824D7015824E721522
:104E0000824F7415D24220115213C2435313F24001
:104E10001F003E15F2401A007715B0128053824CE5
:104E20006E15824D7015824E7215824F74153E407C
:104E30006E150D4E3D5007000C436F4EEE4D0000B9
:104E4000CD4F00001C531E533D532C92F623D243EA
:104E50002213C2437816D2436013C2436C151F421B
:104E600046111F53824F701382437213B2F0EFFF4B
:104E70008201B24000408201B0122AB24F93FC235B
:104E80004F47B012DE5632D2B012CC564E4FF2908F
:104E90000A002A150624E2924F130324B012DE56AC
:104EA000073C4F4EB012DE567F401B00B0128257B7
:104EB000C2431012C243E413D24236116613B01239
:104EC000DE78F2435A13F2435913F2435813F24374
:104ED0005713B012E068824E3414824F3614B24039
:104EE000F401381482433A145F423C147FF0FEFF11
:104EF0006FD3C24F3C145F43B0128257B012CC56EE
:104F00004A4F863CC29335117724B2B0100062013B
:104F10000820B2B0100064010420B2B01000660195
:104F200007241E4260013EF000033E9000022E2442
:104F30005F4204003FB0C00005245F4271003FF0B3
:104F4000200026205F4205003FB0300005245F426C
:104F500079003FF020001E205F4270001FF31C24E8
:104F60005F4271003FF020001A245F4272003FF060
:104F7000200018245F4270002FF217245F42700057
:104F80003FF0200015207E400500133C6E43113C8D
:104F90006E430F3C6E430D3C7E4005000A3C7E4054
:104FA0000500073C7E400500043C7E400500013CB6
:104FB0006E43B2B01000A0011924B2B01000A201DB
:104FC0000524B2B2A2010F246E43103C1F42A2017D
:104FD0003FB000040B241D4260013DF000033D90F2
:104FE00000020420023C4E43013C6E437E900500CB
:104FF00001286E42C24EA2115E42A2110E5E1E4EEA
:10500000A4BD3ED2814E000022D132C203430343ED
:10501000F293F9157727B0122A554B4F7F937227D9
:105020004F4AB012DE564F4BB012EE9B673F32D064
:10503000F000FD3F3040AEBB0B120B4F6D4F0E43E7
:105040000F430F4D8F100C430D435D4B01000EDCE1
:105050000FDD5C4B03000D430EDC0FDD5C4B0200EB
:105060004DEC0DEC8D104C4C8C100EDC0FDD3B41EB
:1050700030411F42A0013041824FA00130414C4FCE
:105080000F4E0E4D5C93122408286C930A247C90DA
:1050900003000A243E433F4330410E533F600F005C
:1050A00030410E531F6330410E532F633041824F06
:1050B000A00130411F42A00130411F42A201B2F0C5
:1050C000F9FFA201B2F0FCFFA001B2F0EFFFA001D6
:1050D0001E42A2013FF006000FDE824FA2013041C6
:1050E000C2438315C2438215E2424F13C2433715B0
:1050F000C2439B15C24351138243281430411E42C0
:1051000070013F9001800A283F5000801D427001CD
:105110000D8E0F9DFB2F0E5F3F4000801D427001E2
:105120000D8E0F9DFB2F3041F2F0EFFF2A00304132
:10513000F2D010002A0030414F4F3F5080006F4F97
:1051400030411F429001013C0F4E1E4290010F9EC4
:10515000FB233041B2F0EFFF8401E2D31F00B2F035
:10516000FEFF8401B2F0FDFF84014F4F8F107E409F
:1051700006000F5F7E53FD233FD00001824F840164
:10518000B2D0100084014F433041C24F77005F42DC
:1051900002003FF04000FB27F2F0BFFF02005F4239
:1051A000760030414F9304245F4219006FD3043CD2
:1051B0005F4219007FF0FDFFC24F1900F2D21900C3
:1051C000F2F0F7FF19003041F2F0EFFF05003F4029
:1051D0003300FFF0FDFF0000FFF0FBFF0000FFF0D9
:1051E000F7FF00003041F2F0CFFF05003F401B0009
:1051F000FFF0BFFF0000FFF07F00000030415C4F78
:1052000002008C105E4F01000CDE0E4C8E104E4ED4
:1052100012C30E1012C30E103EF003005D4ED6BD39
:105220008D110E4C8E104E4E7C40060012C30E1097
:105230007C53FC235E4ED6BD8E110E5D3E500600A3
:105240000F5E30410D4F8D104D4D4F4F8F100DDFC4
:105250004E4E0DEE4F4D12C34F1012C34F1012C3DE
:105260004F1012C34F104E4F0EED4F4E8F100F5F69
:105270000F5F0F5F0F5F0FEE4E4F0E5E0E5E0E5E06
:105280000E5E0E5E0FEE30415F427F105E42FF10F9
:105290007F9309247E9309244F8E4F4F4F5F0F4316
:1052A0000F6F4F4F30415F4330414F433041F24029
:1052B00080FF1B12C2434E13C243FE15C243F815B2
:1052C000C243231330417F922C2C4F4F0F5F104F5E
:1052D000B0BB5F4237007FF0FEFF1D3C5F423700EE
:1052E0007FF0FDFF183C5F4237007FF0FBFF133C6F
:1052F0005F4237007FF0F7FF0E3C5F4237007FF0E0
:10530000EFFF093C5F4237007FF0DFFF043C5F4264
:1053100037007FF0BFFFC24F37003041F2F07F000F
:10532000370030410B125F42A4133FF040000324CA
:10533000B2F0CFFF60014F43B01238517FF00F0041
:10534000B012C6525F42A4133FF010000A200D3C79
:105350004F4BB01238517FF00F00B012C6525B5362
:10536000013C5B435B922513F32BB012BA5082438E
:10537000A8018243A401F2F0DFFFA4133B413041B6
:105380000B120A12091208123150F2FFC293901147
:105390008120B0122851F2F0EFFF2900B0123051F5
:1053A0003F403002B012FE50B01228513F403C0046
:1053B000B012FE500B43F2B01000280009243B50FD
:1053C00005003F400500B012FE503B90F000F32373
:1053D0003F40A401B012FE503B90F0005D2C7A4299
:1053E0007B4033001BB30B24B01230513F4005000B
:1053F000B012FE50B01228513F4041000A3CB0129A
:1054000030513F403C00B012FE50B01228513F4096
:105410000500B012FE5012C34B107A53E3233A40FA
:10542000641579424B4312C34B10B01230513F40C8
:105430000500B012FE50B01228513F400500B012D6
:10544000FE50584228003F404100B012FE5078B054
:10545000100002247BD080FF7953E523CA4B000063
:105460001A533A906C15DD230E434F435FEE6415DB
:105470007D420C4F1CF312C34F100C9302247FE0AB
:105480008CFF7D53F6231E533E92F0234F9306204C
:10549000D24390114E43043C6E42023C7E400600D3
:1054A000C29390110A240F430D410D5FDD4F651526
:1054B00000001F533F900600F7234E9308243D42FF
:1054C0000E430F413F500600B01244BB163CC1438F
:1054D0000600F14012000700F1406D000800F140A5
:1054E00045000900F14050000A00D14102000B00C4
:1054F000D14101000C00E1410D001C4106001D419D
:1055000008001E410A001F410C0031500E003841B6
:1055100039413A413B4130414F930324D24370001B
:105520003041F2F0FEFF700030415F42F9154E4FFE
:105530003E5028126D4EC24DF9157D930220F24364
:105540008116FE43000030415F930C2403286F93C3
:105550001820103C1F4262018F105FF312241F427B
:10556000720130411F4264018F105FF30A241F4211
:10557000740130411F4266018F105FF302241F4205
:10558000760130415F43B0121855F2F0BFFF0400BE
:105590003F401B00FFF0FDFF0000FFF0FBFF00009D
:1055A000FFF0F7FF00004F43B012185530414F9302
:1055B00003245F930620033CB01284553041B0129F
:1055C000845530410B120A1209120812094FB01209
:1055D00088524F9307203A40F0103C4000103D4065
:1055E0008010063C3C4080103D4000103A40701056
:1055F000B24084A52A01B24000A52C01B24002A508
:105600002801CD430000B24040A528010E4D0B43B8
:10561000084A38520E9A02280E9804280F4C0F5B45
:105620006F4F013C7F49CE4F00001B531E533B90F0
:105630007F00F0235F4C7F005F537F9301204F4337
:10564000CD4F7F00B24000A52801B24010A52C012B
:105650004F43384139413A413B4130410B120B4FE6
:10566000B01288524F9303243E40F010023C3E405B
:1056700070103D420F4BB0124ABA4F433B4130418C
:105680005F930B2406286F9308247F9003000A2061
:10569000043C0D430E434F43023C0D430E43B012F6
:1056A0007E5030413E433F4330410B120A120B4FB4
:1056B0000A4F3A5005000D437E4B0F4DB012445235
:1056C0000D4F0B9AF9233A413B4130410E4232C211
:1056D000034303433EF25F4301204F4330414F9366
:1056E000012432D23041B012CC564E4FC2930A112F
:1056F0000820F29003004A110420B012DE565F43E6
:1057000030414F4EB012DE564F433041B012E65694
:105710004F931124829376161020B24051127616C0
:1057200092433C15C243A61192436213D2425112D6
:105730007F004F4330415F4330417F40050030419F
:105740004E4F7E5083FF6E930A2CD2D34C117FE0D4
:105750002000C24F3615F2407D005112023CC24F6C
:105760005112B0120C573041B012CC56F2F0FEFF7D
:105770004C11F2407E005112B012DE56B0120C579E
:1057800030410B124B4FB012CC564E4BFE932812A9
:1057900006201E43C29B811603240E43013C1E4378
:1057A0000E930E20F293F9150320C24BF915043C19
:1057B0005E428116CE4B2812C24B81164B43023CEF
:1057C0007B400500B012DE564F4B3B413041C29347
:1057D00054112C204F932A20D2435411D242141139
:1057E0005211D2B366110F430F6FC24F2112924272
:1057F0000E115011D24264114E115E4266115EF3D9
:105800005F4301244F435E4266117EF0FEFF4EDF90
:105810001FF30F5F924F10110E117EF0E7FFC24E83
:1058200066117F401F00B01282573041D2B366111B
:105830000F430F6F5E4266114F9303247EF0FBFF10
:10584000023C7EF0FDFFC24E66113041F2900A002C
:105850002A150320E2924F130324D24368113041EA
:105860007F401C00B0128257C24368113041C24FC2
:105870002C137F400F00B01282573041D293341165
:1058800003206F43B012825730410B12B012CC5636
:105890004B4FC293791608207F401A00B0128257EE
:1058A0004F930220D24379164F4BB012DE563B4144
:1058B00030410B120A120912D2B34C110924F2F032
:1058C000FEFF4C11D24236155112B0120C57873CD4
:1058D0005F422A157F537F927D2C4F4F0F5F104FF1
:1058E000C0BB5F428213B01240574B4FF2400300DF
:1058F0002A155E4282130A3C5F42FA15B0124057E5
:105900004B4FF24003002A155E42FA151F42A016C3
:10591000B0124452824FA0165B3C5F422D140F5FC1
:105920003F5092135F4F0100B01240574B4F594206
:105930002D144A490D4A0D5D3D5092135E4D0100F4
:105940001F42A016B0124452824FA0165D427B1334
:105950005D53C24D7B1359931B205E425C114F4E29
:105960001F5262116F4F5E53C24E5C11C29E5E1198
:10597000032CE24394134F430E4A0E5E3E509213A3
:10598000EE93000005247D930324CE4F0100203CBC
:10599000E2422A151D3C5F42A016B01240574B4F01
:1059A000F24005002A15143C1F42A0168F10B012B9
:1059B00040574B4FF24006002A150A3CB012685778
:1059C0004B4FF24007002A15033CF2422A15053CD2
:1059D0004B930524F24009002A15B0128A58394128
:1059E0003A413B4130410B120A124B4F4A4E5F4243
:1059F0004F135F930E2406286F933C247F9003007F
:105A0000E720463C4B9302203040F85BB012E05058
:105A1000F13C4B93F1201F422814B0124452824FA4
:105A20002814E2434F13C24A9B157A904400D020B9
:105A30005D4266115DF30324E2B26611023CE2B3FB
:105A400066110E430E6E4E93C3205F4266114D9356
:105A500002246FD2013C6FD3C24F66115F426611C0
:105A60007FF0E7FF7FD2C24F6611C2436411F24359
:105A70001411C23C4B93AC20C24E51131F42281448
:105A8000B0124452824F2814F24003004F13B43C2A
:105A90005F4237157F939C244B9341246F93982842
:105AA0005F4282154F9302247F53013C6F434E4F58
:105AB0005E4E84158E104F9302247F53013C6F433A
:105AC0004F4F5F4F84150FDE1F92281481204F43E4
:105AD000B012CE575C4251135E42DC135B42DD13C1
:105AE0004F4E5F537F900600022C4D4F013C4D43BB
:105AF0004D9B0C244E4ECE4CDE13C24FDC137F90D8
:105B000006000228C243DC13B0128A58B012E050DB
:105B1000F2F0FDFF4C11C29368116E24643C6F9348
:105B200046285F4283155E4F84155F42661112C39B
:105B30004F1012C34F1012C34F103FF003001F93BA
:105B400003242F932020133C5F4266117FF0E7FF70
:105B50007FD01000C24F66114E9302244F43023C87
:105B60007F400500C24F6411C24E14110C3C5F42CD
:105B700064117F903400072C4F4F1F520E11CF4EEF
:105B80000000D25364115D4283154F4D5E4F841562
:105B90004F4D5F53C24F83157F9003000228C243CD
:105BA00083151F422814B0124452824F28145E42BB
:105BB00082154F4ECF4A84154F4E5F53C24F821508
:105BC0007F9003000228C2438215D2533715143C3C
:105BD000B012E050F2F0FDFF4C115F43B012CE570F
:105BE000C29368110524E2424F13B0124C58043C92
:105BF0004B930224D2434F133A413B4130410B12A5
:105C0000B012CC561D4278131E42FC150D9303248E
:105C10000D5E6D4D013C4D43C24D77006E531D42EC
:105C200000164C4E0D9C1C2C4E4D1A3C5D42020041
:105C30003DF04000FB275B4276001D4222150D938C
:105C400003240C5DCC4B00001D4278130D930424FB
:105C50001D52FC156D4D013C4D43C24D7700013C7A
:105C60004E4E1C42FC150D4C1D53824DFC150D9ED5
:105C7000DD2BB012DE563B4130410B12B012CC5638
:105C80005B43C293401501244B43B012DE564F4B89
:105C90003B4130410B120A124A4FB012CC564B4FC7
:105CA000B0127A5C4F9305244F4BB012DE564F432F
:105CB000063C4F4BB012DE564F4AB0128A513A4161
:105CC0003B4130410B120A124A4FB012CC565B4393
:105CD0005A92411501244B43B012DE564F4B3A41C4
:105CE0003B413041B012CC56F2F0FBFF1D00B01228
:105CF000DE563041B012CC56F2F0BFFF0200F2D0B7
:105D000040000000B012DE56B012FE5B30414E4E35
:105D1000C2438C1382437813824F2215824E0016A1
:105D20008243FC150E930324B012F45C043C7F40C4
:105D30000B00B01282574F433041D2438C13824F35
:105D40007813824E2215824D00168243FC150D9366
:105D50000324B012F45C043C7F400B00B012825765
:105D60004F4330410B120A1209120A4F494EB0122A
:105D7000CC564B4FB0127A5C4F9305244F4BB01268
:105D8000DE564B431F3C4F4BB012DE56B2407F00F5
:105D90008E137F407F00B0128A514B4F4E49C24351
:105DA0008C1382437813824A2215824E0016824356
:105DB000FC150E930324B012F45C043C7F400B00EE
:105DC000B01282574F4B39413A413B413041B012FA
:105DD000E45C5E431F42A411B012645D30410B12BB
:105DE0000A120912494FB012CC564A4FF2900300E2
:105DF00092112B205B4224114B9927205D422611E2
:105E00007D9317244E4D3E5080136F4EC24F261186
:105E10007F930220F2432511FE430000C24D761508
:105E2000F2432411D24392117F400C00B0128257EA
:105E3000043CE2432411C24392114F4BB012AE55C1
:105E40004F4AB012DE564F43043C4F4AB012DE5662
:105E50005F4339413A413B4130414F9302245F93C4
:105E60000320B012DE5D30415F433041C293941194
:105E70001620F29327111320B0127A5C4F930F244F
:105E8000D2437815C29326120224C2437815C293D6
:105E9000781507244F43B0125A5E4F4330415F4399
:105EA00030417F40050030410B124B4FB012CC56B1
:105EB000C24B9811B012DE567F400700B0128257D5
:105EC0003B4130410B124B4F92438E11C24326127D
:105ED000B0126C5E4F4BB012A85E3B4130410B12CA
:105EE000B012CC564B4FE293241116205E42921111
:105EF0005E9306207F400C00B01282574F4B083C47
:105F00006E930A20D24276152411F24003009211BA
:105F1000B012DE564F43043C4F4BB012DE565F4387
:105F20003B4130410B124B4FB012CC564D4FC293F8
:105F300092110920D2439211C24B7615B012DE564F
:105F4000B012DE5E053CC29B76150420B012DE5610
:105F50004F431F3C4F4B1E43FF9380130420C29BB3
:105F6000251101240E430E930E20F29326110320D7
:105F7000C24B2611043C5F422511CF4B8013C24B0C
:105F800025114B43023C7B4005004F4DB012DE56BD
:105F90004F4B3B4130414F9302245F930320B0129B
:105FA000245F30415F4330415F43B0125A5E5F432C
:105FB000B012965F3041B012CC56E2D21D00B01242
:105FC000DE5630410B120A1209124B4FB012CC565A
:105FD0004A4FC29B27110424B012DE565F434C3C4B
:105FE000F24327115B4294114B930920B012CC5617
:105FF000C2434015B012DE56B0126C5E353C4C43C5
:10600000494B021232C20343C24C3001F240CDFF71
:1060100038011E423A0132418E1012C34E1012C393
:106020004E104D4E4D5D4D5D4E5D4C8E4E4C4F4C69
:106030000D497CF00F004C9303240D117C53FB3F62
:106040001DF31724C24E27111E434D4F7DF00F0044
:106050004D9303240E5E7D53FB3F4BCEC24B9411F8
:106060007F400A00B01282574F4AB012DE564F43AB
:10607000033C4C4E5C53C53F39413A413B413041B2
:106080007F400300B012C45F4F4330410B120A122D
:1060900009120812071206120512B012CC56454F0B
:1060A0003C404E830D431E4270131F427213B012C8
:1060B00022B9074D084E094F0E4C0F4712C30F105F
:1060C0000E10085E096F0993053438F339F0FF7F2D
:1060D0001853096382487013824972134F45B012F6
:1060E000DE560E480F493541364137413841394176
:1060F0003A413B4130410B120A12091208120712B1
:106100004F4F0E4F0E5E0E5F0E5E0E5E3E50AC1198
:106110002E538E93000003208E93020011240E4F05
:106120000E5E0E5F0E5E0E5E3E50AC112D4E0D5D8E
:106130008E4D00003D9001040328BE400004000085
:106140000E4F0E5E0F5E0F5F0F5F084F3850AC11A1
:1061500007483750060009482953A94700009947C6
:10616000020002002A480B434BEA0BEA8B104A4A12
:106170008A100A5A0B6BB0128C600F4E28484E489A
:106180008E100E5EB012E8B90C4F0D430A5C0B6D19
:106190000F434FE80FE88F104E488E100E5E0F6FC2
:1061A0000E5E0F6F0C4E0D4F0C8A0D7B874C00005E
:1061B000874D0200895A0000896B0200374138413F
:1061C00039413A413B4130410B120A120912B012D7
:1061D000CC56494F1B427613B01242510A4F1F4210
:1061E00080015FF304241B53B01242510A4F0C4349
:1061F0000D430D4B0E4A0F430A4C0B4D0ADE0BDFCD
:106200004F49B012DE560E4A0F4B39413A413B41DD
:1062100030410B120A1209120812B012C861084E5E
:10622000094F1E42A8111F42AA110A4E0B4F1A52C3
:1062300026131B622813099F09280220089E06289E
:106240000B9F102809200A9E0D28063C0B9F04284E
:106250000F9B27280A9E252C099B04280B9921288F
:10626000089A1F2C0C4A0D4B0C880D790D930320B6
:106270003C90018018280E480F493E5000800F6363
:10628000824EA811824FAA110E4C0F4D3E50008035
:106290003F63824E2613824F28133C4000800D43FB
:1062A0000A3C0C430D43824AA811824BAA11824337
:1062B0002613824328130A4CB01242510E4F0E8807
:1062C0000E9A052C0C4A0C8E3C900300062CB01242
:1062D00042512F53824F9601033C0C5F824C960132
:1062E000B2F0FEFF8601B2D010008601384139417C
:1062F0003A413B4130410B120A1209120812218324
:106300000A4E0B4FB012C861084E094FB012CC565E
:106310008248A8118249AA11824A2613824B281367
:10632000814F0000B01212622F41B012DE5621538D
:10633000384139413A413B4130410B12B012CC5601
:106340004B4FB0128C600D4E3E4046000F4DB012C8
:10635000E8B90E4F3E500B00824E7C160F43B01230
:10636000F6624F4BB012DE563B4130410B120A121F
:10637000B012CC564A4FB2928E1112207F400900C3
:10638000B012945CB0128060B012B65F92438E116E
:106390007F400300B012A85E4F4AB012DE562F3C79
:1063A000B012E45CC2939E1603247F400500013CBA
:1063B0006F42B012945C4E4F3EF205204F43B01234
:1063C000945C3FF204205B433F400300033C4B439B
:1063D0003F400500824F8E11B012B65F4F4AB01297
:1063E000DE564B930724C243EC11B0128060B0120A
:1063F0003A63053C3E4040010F43B012F6623A4119
:106400003B413041B012CC56F2F0EFFF1D00B0120C
:10641000DE563041B012CC56F2D010001D00B01242
:10642000DE5630410B120A1209120812484F494E2B
:10643000B01204640B434A434949053C4F48B0122B
:106440008A514A4F1B530B99F93BB01214644F4ABF
:10645000384139413A413B4130411C422C151D42E3
:106460002E15C24D1D120E4C8E108D104EED0EEDE0
:10647000C24E1E12C24C1F124F9305245E437F4032
:106480000600B0122464B01204642D420E433F4053
:106490001C12B0123A5D4F4330410B120A1209121E
:1064A000C2437C115F421C127F90030006247F9040
:1064B000D8FF44246F937420093CC2937A116D2451
:1064C000C2437A119242DA138015673C1C42381598
:1064D0001D423A1519422A141A422C151B422E1538
:1064E0001E426A131F426C130E8C0F7D824E6A137C
:1064F000824F6C130E9302200F9350240A5C0B6D95
:10650000E2431C12824A2C15824B2E15095C8249EB
:106510002A143AF0FF000BF33C4000010D430C8AB3
:106520000D7B0F9D04280D9F04280E9C022C0C4E01
:106530000D4F824C3815824D3A152B3C1E426A1382
:106540001F426C131E530F63824E6A13824F6C13EB
:106550001F927C150628829F7C151F281E927A1593
:106560001C2C5D42F4116D92042C4D4D5D4DC9BD46
:10657000013C7D434F4D0F5F5F4FCEBD5F52AC146A
:106580004F5EF240D8FF1C124F4F82432C15824FB2
:106590002E155F43B0125A64033C4F43B0126E583D
:1065A00039413A413B4130410B120A12091208129B
:1065B0001A410A001B410C00A2429813824CAC14F1
:1065C000824DAE14824A7A15824B7C156F92042C50
:1065D0004F4F5F4FC9BD013C7F434F4F0F5F084393
:1065E0000943594FCEBD0C580D69D2437A11824EE2
:1065F000DA13824C0612824D0812824C2C15824D01
:106600002E15824AEE11824BF011F24003001C124B
:10661000B24086122A140E4A0F4B0F9303203A9071
:10662000110003283E4010000F43824E3815824F60
:106630003A154F43B0125A64384139413A413B410F
:1066400030410B120A1209120812071206124A4FA1
:106650000F4E0E4D18410E00194110009243981331
:10666000824EAC14824FAE14824C7E1682487A154C
:1066700082497C156A92042C4A4A5D4AC9BD013C94
:106680007D434D4D0D5D0A430B435B4DCEBDF24046
:1066900003001C12064E074F065A076B82462C1544
:1066A00082472E15824C2A148248381582493A15A1
:1066B0004F43B0125A6436413741384139413A416B
:1066C0003B4130410B120A1209120812071206123E
:1066D000464F0F4E0E4D17410E001D411000A243B4
:1066E0009813824EAC14824FAE14824C7E168247B1
:1066F0006A13824D6C1382477A15824D7C15084EC1
:10670000094F38F0FF0009F33A4000010B430A88B3
:106710000B79094A084B0D9B04280B9D0428079A06
:10672000022C0947084D6692042C46465D46C9BDB9
:10673000013C7D434D4D0D5D0A430B435B4DCEBD8A
:10674000E2431C12064E074F065A076B82462C1571
:1067500082472E15824C2A148249381582483A15F0
:106760005F43B0125A6436413741384139413A41AA
:106770003B413041B240030098138243AC14824342
:10678000AE14C24E7A15C2437B1582437C158243F8
:106790006A1382436C136F92042C4F4F5F4FC9BD35
:1067A000013C7F434F4F0F5F5F4FCEBDF240D8FF9C
:1067B0001C1282432C15824F2E155F43B0125A646F
:1067C00030410B120A120912494F0A4EB012CC5630
:1067D0004B4FB0127A5C4F9305244F4BB012DE56EC
:1067E0004F430D3C4F4BB012DE564F49B0128A5109
:1067F0000F4A8F10B0128A514F4AB0128A51394154
:106800003A413B4130410B120A1209120812071299
:10681000084F4A4E074D4B4CB012CC56494FB01260
:106820007A5C4F9305244F49B012DE564F43213C0A
:106830004F49B012DE564A4A0A584F4A7FD080FF6D
:10684000B0128A51494F0E4A12C30E104F4E7FF0BC
:10685000C0FFB0128A514A4B093C4E4B0F4A0F8E73
:106860000E4F0E576F4EB0128A517B534B93F52348
:106870004F493741384139413A413B4130410B1290
:106880003150F4FFB012CC564B4F3D423E406E1596
:106890000F41B0124ABA1E425213C14E08008E1068
:1068A000C14E09001E428A13C14E0A008E10C14E0D
:1068B0000B004F4BB012DE567C400C000D414E4396
:1068C0003F406001B012066831500C003B4130413E
:1068D000B012CC56F2D020003100B012DE5630415A
:1068E0000B120A12091208120712B012CC56474FA7
:1068F0001A4224141B422614B01242510D4F1F425B
:1069000080015FF305241A530B63B01242510D4FFF
:1069100012C30D1012C30D1012C30D1012C30D10AF
:1069200012C30D10084D09430E4A0F4B4FEA0FEAF0
:106930008F104E4E8E100E5E0F6F0E5E0F6F0E5E3E
:106940000F6F08DE09DF4F47B012DE560E480F49C1
:106950003741384139413A413B4130410B120A122B
:1069600009120812B012E068084E094F1E42841343
:106970001F4286130A4E0B4F1A527C131B627E1362
:10698000099F09280220089E06280B9F102809202D
:106990000A9E0D28063C0B9F04280F9B27280A9E61
:1069A000252C099B04280B992128089A1F2C0C4A96
:1069B0000D4B0C880D790D9303203C900104182891
:1069C0000E480F493E5000040F63824E8413824FDD
:1069D00086130E4C0F4D3E5000FC3F63824E7C13DD
:1069E000824F7E133C4000040D430A3C0C430D4390
:1069F000824A8413824B861382437C1382437E1324
:106A00000A4C0A5A0A5A0A5A0A5A0A5AB0124251E7
:106A1000085808580858085808580E4F0E880E9AFB
:106A2000042C0A8E3A900300062CB01242512F53C8
:106A3000824F9201033C0A5F824A9201B2F0FEFF4C
:106A40008201B2D010008201384139413A413B41C4
:106A500030410B12091208124B4F084D094EB0126B
:106A6000E0684B4B0B5B0C4B0C5C0C5C0C5B3C50C8
:106A700034148C4E00008C4F02008C4804008C496A
:106A80000600FCD0030008005F43B0128257384173
:106A900039413B4130414F930924B0128C603EF0A4
:106AA000FF000FF33E5010000F63083CB0128C60E3
:106AB0003EF07F000FF33E5080000F630D4E0E4FEF
:106AC0005F43B012526A30417F900500322C4F4F25
:106AD0000F5F104FD0BBC243A0113041F2900500B0
:106AE0009E112720F2536E134F43B012966A304125
:106AF0005D42F7134F4D12C34F1012C34F1012C314
:106B00004F104F4F3F5024151E437DF007004D930B
:106B100003240E5E7D53FB3FCFCE00002D430E437A
:106B20005F43B012526A3041C2434B133041C243FB
:106B30004B1330410B120A12091208125F4234152E
:106B400092433015824332157F537FF01F004F93DD
:106B500008249252301530159262321532157F5347
:106B6000F63FB0128C6018423015194232150A4EA9
:106B70000B430C480D493C533D630CFA0DFB0C587C
:106B80000D69824C3015824D3215F2F0FEFF35153D
:106B9000F2F0FDFF5A140E4D0D4C7F400300B01271
:106BA000526A384139413A413B413041F290090043
:106BB00034150524F24009003415B012346B30410D
:106BC0000B124B4FB012CC56C24B4115B012DE56D1
:106BD0003B4130410B120A1209121B4268135A4BF7
:106BE0002A004A9302207A401F00B012E45CC29A45
:106BF000CC1207244E4A3ED0E0807F401500B012F0
:106C0000C267C24ACC12694BB012CC564A4FB0127E
:106C10007A5C4F9304244F4AB012DE56203C4F4A10
:106C2000B012DE56B2403E008E137F403E00B012DE
:106C30008A514F497F534F4FC2438C13824B781375
:106C400082432215824F00168243FC150F930324C2
:106C5000B012F45C043C7F400B00B0128257394103
:106C60003A413B4130410B124B4FB012CC564D4F85
:106C7000C29384111320D2438411C24B5413B01217
:106C8000DE56C29382110720D2437E117F4011004D
:106C9000B0128257083CD2438011053CC29B54136A
:106CA0000420B012DE564F431F3C4F4B1E43FF9350
:106CB00004160420C29B1B1101240E430E930E20C8
:106CC000F2931C110320C24B1C11043C5F421B11A8
:106CD000CF4B0416C24B1B114B43023C7B400500BB
:106CE0004F4DB012DE564F4B3B4130410B124B4FD4
:106CF0000E4B0E5E0E5B0E5E0E5E3E500E168E93BB
:106D00000A001B205F93082406286F9305247F90B8
:106D100003000420013C4F43B012666C0F4B0F5F21
:106D20000F5B0F5F0F5F3D400C003E408A153F50E8
:106D30000E16B0124ABA4F43013C5F433B4130410B
:106D40000B120A120912494F0F4E0E4D1A4108003C
:106D50001B410A00C29386115220799019004D2CD4
:106D60004D495D4DB0BD5D93152406286D932024DB
:106D70007D90030042202A3C92439415824E8A154E
:106D8000824F8C15824C8E15824A9015824B92153B
:106D90004F432A3C92439415824E8A15824F8C159C
:106DA000824C8E15824A9015824B92155F431C3C93
:106DB00092439415824E8A15824F8C15824C8E1503
:106DC000824A9015824B92156F430E3C9243941564
:106DD000824E8A15824F8C15824C8E15824A9015F0
:106DE000824B92157F400300B012EC6C4F93092048
:106DF000D2438611C2497A16043C5F43023C7F406D
:106E0000050039413A413B4130410B120A121A4107
:106E100006001B4108005F930C2406286F930E2484
:106E20007F90030017200E3C0B120A127F400600D1
:106E30000D3C0B120A127F400700083C0B120A128D
:106E40007F42043C0B120A127F400900B012406DD1
:106E50002152013C5F433A413B4130410B120A123F
:106E60004A4F0F4E0E4D1C4106001D410800C293B3
:106E7000861152207A9019004D2C4B4A5B4BB0BDC5
:106E80005B93152406286B9320247B9003004220FB
:106E90002A3CA2439415824E8A15824F8C15824358
:106EA0008E15824C9015824D92154F432A3CA24379
:106EB0009415824E8A15824F8C1582438E15824C12
:106EC0009015824D92155F431C3CA2439415824E4F
:106ED0008A15824F8C1582438E15824C9015824DF7
:106EE00092156F430E3CA2439415824E8A15824F31
:106EF0008C1582438E15824C9015824D92157F40E1
:106F00000300B012EC6C4F930920D2438611C24AA1
:106F10007A16043C5F43023C7F4005003A413B4106
:106F200030410B124B4FC29386112E207F901900D7
:106F3000292C4F4F5E4FB0BD5E930C2406286E93F4
:106F40000E247E9003001E200F3CB24005009415D5
:106F50004F430F3CB240050094155F430A3CB240DA
:106F6000050094156F43053CB240050094157F4021
:106F70000300B012EC6C4F930920D2438611C24B30
:106F80007A16043C5F43023C7F4005003B413041A0
:106F90006F9308247F9003000A245F930C207F40A6
:106FA0000E00023C7F400F00B012226F30417F4044
:106FB0001000B012226F3041C293861128207F90BA
:106FC0001900232C4F4F5F4FB0BD5F930B24062851
:106FD0006F930C247F90030018200C3CA242941560
:106FE0004F430C3CA24294155F43083CA2429415C7
:106FF0006F43043CA24294157F400300B012EC6C36
:107000004F930720D243861130415F4330417F4088
:10701000050030416F9308247F90030007245F939D
:107020000A207F400300043C6F42023C7F40050081
:10703000B012B86F30415F4330415F930A24062895
:107040006F930A247F9003000F20093C7F401500B6
:10705000083C7F401600053C7F401700023C7F4003
:107060001800B012B86F30415F433041D2934811DD
:107070000220B0123A7030410B120A120912494F25
:107080000F4E0E4D1A4108001B410A00C293861193
:10709000562079901900512C4D495D4DB0BD5D933E
:1070A000162406286D9322247D90030046202D3C53
:1070B000B24003009415824E8A15824F8C15824C83
:1070C0008E15824A9015824B92154F432D3CB2404B
:1070D00003009415824E8A15824F8C15824C8E15B2
:1070E000824A9015824B92155F431E3CB2400300CA
:1070F0009415824E8A15824F8C15824C8E15824AC9
:107100009015824B92156F430F3CB24003009415CB
:10711000824E8A15824F8C15824C8E15824A9015AC
:10712000824B92157F400300B012EC6C4F93092004
:10713000D2438611C2497A16043C5F43023C7F4029
:10714000050039413A413B4130410B120A125F427E
:107150005013021232C20343824F3201B2401C006C
:1071600038011C423A0132413C5006003C503E1668
:10717000021232C20343824F3201B2401C00380176
:107180001E423A0132415E4E4316021232C203439E
:10719000C24E3001F240160038011E423A0132411F
:1071A0000A4E0B43021232C20343824F3201B240F5
:1071B0001C0038011D423A0132412D525E4D3E16EF
:1071C0000F434FEE0FEE8F104E4E8E100E5E0F6F70
:1071D0000E5E0F6F0D4E0E4F0D5A0E6B5F429C11DF
:1071E0006F930B247F9003000D245F9315200312EF
:1071F000301216007F4003000A3C031230121600C2
:107200006F42053C0312301216007F400500B01299
:10721000787021524F930224C2434F123A413B41AE
:107220003041D293801107205F43B012965F4F9395
:10723000022092436413B012CC56C2438011C24361
:107240008211B012DE5630410B120B4FB012CC56E9
:107250000E4B12C30E1012C30E1012C30E101D439C
:107260004C4B7CF007004C9303240D5D7C53FB3F9B
:10727000CEDD2015B012DE563B4130410B120A1212
:107280000912081207120612B012E068064E074FE4
:1072900018426614194268141A42AE111B42B0110A
:1072A0000A9302200B932D24B012CC564D4F5F420F
:1072B00020151FB318200E460F470E880F790F9B1D
:1072C00004280B9F09280E9A072C0A8E0B7F828EAA
:1072D000AE11827FB0110B3C9243AE118243B011CC
:1072E0001A430B43043C7FF0FEFFC24F20154F4D65
:1072F000B012DE560D4A0E4B7F400500B012526AA6
:10730000033CF2F0FDFF6E143641374138413941FC
:107310003A413B4130410B120A12B012CC564A4F4F
:107320001E42A2015EF30524B012DE567F40050026
:10733000103CB01272500B4F3FF0FDFFB01278506E
:107340000F4B3FF0DDFFB01278504F4AB012DE56BF
:107350004F433A413B4130410B124B4FB012CC5698
:107360004E4FC29B17110720E29376110420B012F2
:10737000DE565F43043C4F4EB012DE564F433B4156
:1073800030410B120A124B4FB012CC564A4FE293C7
:1073900076112220C29B17111F205D421911F24362
:1073A00017117D9315244E4D3E502E136F4EC24F34
:1073B00019117F930220F2431811FE430000C24DC1
:1073C0002413D24376117F401300B0128257023C3F
:1073D000C24376115B43013C4B434F4AB012DE5629
:1073E0004F4B5FE33A413B413041C2436A116F93D7
:1073F00008247F9003000A245F930C207F400E0036
:10740000023C7F400F00B012827330417F40100079
:10741000B012827330410B120A12B012CC564A4F8E
:10742000C2936E110D20D2436E11C24388137F4068
:107430001700B01282574F4AB012DE564B430E3C33
:107440005F4232145FB305205FD3C24F32144B4307
:10745000023C7B4005004F4AB012DE564F4B3A418A
:107460003B413041B012CC56F2F0DFFF3100B01298
:10747000DE5630410B120A124B4FB012CC564A4F17
:10748000C29376110D20D2437611C24B24137F4054
:107490001300B01282574F4AB012DE564F431F3CC2
:1074A0004F4B1E43FF932E130420C29B181101243F
:1074B0000E430E930E20F29319110320C24B1911A3
:1074C000043C5F421811CF4B2E13C24B18114B4393
:1074D000023C7B4005004F4AB012DE564F4B3A410A
:1074E0003B4130417F401100B01258734F93052447
:1074F0007F401900B012825730417F401100B01216
:10750000747430410B123F9000DE20209243AC1186
:10751000C243B6118293AE1103208293B011162498
:10752000B012CC564B4F0F43B01248724F4BB012B3
:10753000DE568243AE118243B0118243B2118243C0
:10754000B4114F43B012F660B0127C723B4130412F
:10755000B012CC56F2F0BFFF1D00B012DE56304123
:10756000B012CC56F2D040001D00B012DE563041B1
:107570000B12B012CC564B4FE2921A1116205E42FB
:1075800084115E9306207F401000B01282574F4B4B
:10759000083C6E930A20D24254131A11F2400300A1
:1075A0008411B012DE564F43043C4F4BB012DE56EE
:1075B0005F433B4130410B120A125A42F4114A9F79
:1075C000372082439813F243F4115F43B0125A5E9E
:1075D000B012CC564B4FF290030084112420C29A73
:1075E0001A1121205D421C117D9315244E4D3E50F1
:1075F00004166F4EC24F1C117F930220F2431B11E1
:10760000FE430000C24D5413F2431A11D2438411B9
:107610007F401000063CE2421A11C24384117F40B1
:107620001200B01282574F4BB012DE564F43013C4E
:107630005F433A413B4130410B120A120B4D4A4C19
:107640007C901D00442CCD4E06008E10CD4E0500C2
:10765000CD4F0B00CB4C0900829360113A20B01241
:10766000CC56F24005005C11C2435A11824B6211A4
:10767000A2436011C2435611C24358117A500C0004
:10768000C24A5E11B012DE56B012CC56F2900A0019
:107690002A150320B012DE56163CB012DE56B01288
:1076A000CC56C29394130620D2439413C24395132D
:1076B0005B43013C4B43B012DE564B930424B012A3
:1076C0008A584F43083C824360115F43043C6F4338
:1076D000023C7F4005003A413B413041C24FA41279
:1076E000F2439E12F2439D12F2405400A312829381
:1076F000C2151820B2409812C215D243A112E293CB
:1077000001111028D24301115C433D4098123E43C1
:107710007F405400B01238764F930424E2430111A5
:107720008243C2153041C24FB213F243AC13F2434D
:10773000AB13F2405300B1138293C0151820B2402E
:10774000A613C015C24DAF13E29301111028C24316
:1077500001114C4D3D40A6133E437F405300B012F3
:1077600038764F930424E24301118243C01530411F
:10777000F290030048110A203F90B3130720C24340
:1077800048111D530E634F4CB012267730414C4EBA
:10779000E29248110F20C24348114E930520C24F78
:1077A000B4138F10C24FB3133D4003000E434F4C30
:1077B000B012267730410D4F4F4EE2934811092009
:1077C0003D9082160620C24348111D430E43B0125D
:1077D000267730415E4248115E9303247E90060076
:1077E0000620C24348111D430E43B0122677304194
:1077F000C24386115E427A167E50FDFF7E901600CF
:107800000C2C4E4E0E5E104EDABBB0127C5830413E
:10781000B012D4773041B012D47730414F4F0F5F60
:107820008F43C0155E4201111E531EF34E4E4D4E46
:107830000F4D0F5F8F93C0150A245F427A134C4D92
:107840004C9303240F117C53FB3F1FF317244E4D21
:107850005EE30F4E1FF30F5F8F93C0150C245F4242
:107860007A134D4E7DF00F004D9303240F117D537D
:10787000FB3F1FF30324E2430111023CC24E0111FE
:107880005F4201116F93162C4F4F0F5F1D4FC015B4
:107890005F4D05008F105E4D06005C4D09000EDF48
:1078A0005F4D0B00B01238764F9304247F402200C6
:1078B000B012825730410B124B4FB012CC564E4B88
:1078C0003E504015CE9300000420DE4300004B43A1
:1078D000013C5B43B012DE564F4B3B413041E292DC
:1078E000E4130F2CC24310120312301254003C4018
:1078F000CE120D430E435F426613B0120A6E215240
:1079000030415F43B012B6784F931920B012CC5675
:10791000829396110324B012DE56193C92439611BD
:10792000B012DE56B012CC56F2D020001D00B012BC
:10793000DE563E4014000F43B012F662083C6F431F
:10794000B012C45C4F9303205F43B012C45CF2409A
:10795000030010123041E293101245205E422412BF
:107960008E105D4225120EDD0F9E19245F426613B4
:107970005F930A2406286F930A247F900300332024
:10798000093C7F400A00083C7F400B00053C7F40DB
:107990000C00023C7F400D00B012226F30415D426E
:1079A0002A135D53C24D2A135D92D612112CD24375
:1079B00010124D4D3D5040000D5D031223123C400E
:1079C00024120E435F426613B0120A6E21523041F8
:1079D0005F42E4135F53C24FE4134F4FD24F36114F
:1079E0006613B012DE783041C24386115D427A16CA
:1079F0007D50FAFF7D900F000C2C4D4D0D5D104D0C
:107A000006BCB01256793041B0128E773041B012B8
:107A10008E7730415F4210126F9304247F900300F1
:107A20000E200C3C5F42E4135F53C24FE4134F4FF0
:107A3000D24F36116613B012DE783041FF3F30412D
:107A40000B120A124B4FB012CC564A4F4F43B01292
:107A5000B6784F930E20C24B2711C29324111B20DE
:107A6000F2900300921117207F400A00B012825753
:107A70000B3C1E434D4B7DF00F004D9303240E5ED7
:107A80007D53FB3FC2DE94114F4AB012DE564F4386
:107A90003A413B4130414F43B012965FF53F0B12E4
:107AA000B012CC564B4FC29380160424B012DE564F
:107AB0005F43113CD2438016A292961104205F438B
:107AC000B012407A043C7F400900B01282574F4BFD
:107AD000B012DE564F433B4130410B121F420211A0
:107AE00012C30F10C24F0216B012CC564B4FD243E6
:107AF0007800B012C8515E4205117EF0FAFF5ED3E5
:107B0000C24E7800D24206117900D24207117A00A3
:107B10001E420211C24E7C008E104E4EC24E7D009F
:107B2000D24204117B005E4208117EF003007E9079
:107B300003000B20F2D040001B00F2D080FF1B009E
:107B40005E4205007ED030000F3C6E931020F2F0B4
:107B5000DFFF0500F2F0BFFF1B00F2D080FF1B002B
:107B60005E4205007ED01000C24E0500123C5E93BE
:107B70000E20F2F0EFFF0500F2F07F001B00F2D0C4
:107B800040001B005E4205007ED02000ED3FB01299
:107B9000E651F2F0FEFF7800F2F0CFFF0300F2F0C2
:107BA000CFFF01004F4BB012DE56B012CC56F2F0B0
:107BB000CFFF0300F2D030000100B012DE563B418F
:107BC00030410B120A12091208120712B012CC56D9
:107BD000474FE2936E113D20C29316113A20C29393
:107BE00032140520F2431611C2436E11303CF243A9
:107BF0001611594270110D491D531D9301200D435B
:107C00004B4D4E4D12C34E1012C34E1012C34E10A8
:107C10004E4E584E32141C434A4B7AF007004A939A
:107C200003240C5C7A53FB3F48BC062448CCCE4866
:107C30003214C24B7011033C0D99DE237B43C24BBF
:107C40008813D2436E117F401700B01282575B43F6
:107C5000013C4B434F47B012DE564F4B5FE3374179
:107C6000384139413A413B413041824F1E15C29360
:107C7000151104207F401800B0128257B012C27B49
:107C80007F401600B01282574F4330410B124F9382
:107C9000AE20B012CC564B4F5E42A4133EF02000F3
:107CA0001920E2936E111520C29316111220B01202
:107CB000B4500E4F3ED08000D243A4134F4EB012AA
:107CC000AE50B2400802A201F2409BFF80009243F6
:107CD000A6014F4BB012DE56B012CC564B4FE2937A
:107CE0006E118220C29316117F205D42A4134E4D67
:107CF0003EB203248293961378243EF02000742031
:107D00007DD02000C24DA413C24316124F43B012BF
:107D100038517FF00F007F924D2C0E4F3EF00F0038
:107D20000E5E5F423700104E24BC5FD3C24F370057
:107D30005F4236007FF0FEFF3B3C6FD3C24F3700FF
:107D40005F4236007FF0FDFF333C6FD2C24F3700F9
:107D50005F4236007FF0FBFF2B3C7FD2C24F3700E3
:107D60005F4236007FF0F7FF233C7FD01000C24F08
:107D700037005F4236007FF0EFFF1A3C7FD02000D3
:107D8000C24F37005F4236007FF0DFFF113C7FD0EB
:107D90004000C24F37005F4236007FF0BFFF083C13
:107DA0007FD080FFC24F37005F4236007FF07F00F8
:107DB000C24F3600B2D01000A001B2D00300A00123
:107DC0005F42A4133FF040000F2482436401A242AB
:107DD0006401B240E00064011F4260013FF0CFFF48
:107DE0003FD01000824F60014F4BB012DE563B4136
:107DF00030410E4F5F4215111E9303243E90030045
:107E000005207F930724B0128C7C30417F9302249D
:107E1000B0128C7C30410B121E4298150E93262412
:107E20000D4E3D532D930A2C824F98153D40140062
:107E30000E437F400700B012526A163C0D4E3D5073
:107E4000FDFF2D930F2CB01216734B4F4F93132041
:107E50001F429815F2F0FDFF781482439815B01276
:107E6000F27D093C0E9F05204B43053C7B400900F9
:107E7000023C7B4005004F4B3B4130410B12B0129E
:107E8000CC564B4F5F43B0121855F2F0DAFF70003A
:107E90005F43B0121855F2F03F0004003E401B0053
:107EA000FEF0EFFF0000FEF0DFFF00003D40441158
:107EB0006F4D7FD00500C24F7000D24D01007100A0
:107EC0001D424211C24D74008D104D4DC24D7500C2
:107ED000C2437300EED30000EED20000FED20000D9
:107EE000F2D0400004004F43B0121855F2F03F00AA
:107EF0000200F2F03F0000004F4BB012DE563B4153
:107F000030414F9303245F930620033CB0127C7EE4
:107F10003041B0127C7E30410B120A124B4FB0122E
:107F2000CC564A4F4F43B012B6784F9306244F4A6F
:107F3000B012DE567F400500253CC2932411252057
:107F4000F2900300921121200C3CE2439211C243B3
:107F50007615B012DE5EC293241107204F43B01293
:107F6000027FC24B27114B43093CC2439211B0120E
:107F7000CC56C2434015B012DE565B434F4AB01296
:107F8000DE564F4B3A413B413041C2939211EF23B1
:107F9000DC3FA2434C12D2434E13E2922711052438
:107FA0006F42B012187F4F930320B012CE5D304164
:107FB0006F42B012407A30410B12B012CC564B4F88
:107FC00082934C121824C2434E135E4223134E93E5
:107FD0000324F2B220000520D2B3200008204E93E3
:107FE00003247E53C24E2313B012927F073C924368
:107FF0004C12C24323136F42B012C45F4F4BB012F6
:10800000DE563B413041B012AE52B012B65FB012F4
:10801000E45C7F42B012945C7F42B012945CB01278
:10802000B65F6F42B012C45FB012B87F30410B121E
:108030000A120912081207121A42001617422215D4
:108040001E4278135F428C134F9306245F930224E1
:1080500030400C84304048831F428E133FB04000B4
:1080600002203040DC827FF0BFFF7F903F0002247F
:1080700030400C841B42A4116E4BC24E50121F4262
:108080004C123F90050039243F90060085242F9321
:1080900002243040CC82B24005004C125D421B12DB
:1080A0004D9E27242628F2B220000820D2B32000BB
:1080B00005204F4E7FE34F5DC24F1B127E902A007A
:1080C000182C4E930E240F4B1F537E9203287E4094
:1080D0000700033CB24006004C12B0120E5D304067
:1080E0000C84C2434E13B012B65F6F42B012C45F2D
:1080F000EA3CB012068030400C84B24006004C12BC
:10810000C29360134224C2936C153F205F4B020060
:108110008F105C4B01000FDC3FF0200036245A4BDF
:1081200007008A105F4B06000ADFB012CC561942D6
:108130008A13B012DE560A9908245F4B07008F108D
:108140005E4B06000FDE3F9320205F4B02008F1036
:108150005D4B01000FDD3FF007001F931620B012AA
:10816000B65FB012E45C7F400A00B012945CB012BB
:10817000B65FB012E45C5E4250127E50F9FF0F4BC6
:108180003F52B012645D30400C845E4250127E500B
:10819000F9FF0F4B3F52A13FB012B65FC2932313BA
:1081A00003206F42B012C45FC29323130324F2B2C0
:1081B00020000B20D2B3200008245A42F8154A931D
:1081C0000424F2900B0050120E2C1F42A411CF4336
:1081D0002D00CF433100CF433000CF432F00FF406D
:1081E00080FF2E00373C5942FE155A9319200F4943
:1081F0000F5F0F5F3F50A015284F1C4F02001D421C
:10820000A411CD4831000E4C0F488F108E104FEE48
:108210000FEECD4F3000CD4C2F008C10CD4C2E00EA
:10822000195379F00700C249FE157A53C24AF8156E
:1082300011241F42A411CF432D00CF433100CF435F
:108240003000CF432F00FF4080FF2E00C243FE15B9
:10825000C243F8155F4250120F5BCF9300003334D6
:10826000079331245F4B02008F105FDB01007FF02A
:1082700007001D42A4116F931F201F4268130F9324
:108280002224B29007008E111E20DF9D0300030000
:108290001A20B2F0EFFF86016E4DDF432C000E5D19
:1082A000DF4EFFFF28006E4E7EF07F00CF4E29008C
:1082B0004F43B012C45E073C5F9305207F400D0022
:1082C000B0128257A33CB012B87FA03CC2434E13F9
:1082D000B012B65F6F42B012C45F983C7F903E0010
:1082E0009520B012B65FB2928E111120B012E45CEC
:1082F0007F400900B012945CB012B65FB01280608B
:1083000092438E117F400300B012A85E7F3CC2935F
:108310009E160520A2428E11B0126C63773CB012FB
:108320008060B24003008E11B0128C600F4E3E4050
:108330003601B012E8B90E4F3E500B00824E0E12BD
:108340000F43B012F662623C5F421C127F90030042
:108350000C246F92032C6F935920473C7F90C7FFEA
:108360004F247F90D8FF52204B3C3E901C1205209A
:108370001D4238151E422A14313CC2937A11302412
:108380001F42DA130B43053C5E4B8612B012445277
:108390001B530B9AF923824FDA130E4B0F43825E65
:1083A0000612826F08121C42EE111D42F0110C8E53
:1083B0000D7F0E4C0F4D824CEE11824DF0110C933F
:1083C00002200F930D240F9303203E9011000328E9
:1083D0003E4010000F430D4E3E4086120F430D3CB1
:1083E000B0121464B0129A64113C3E901C12082022
:1083F0001D4238150E431F422A14B0123A5D063C46
:10840000B0121464D2437C11B012A85F37413841D6
:1084100039413A413B4130411E4222150E9304241A
:108420001E52FC15CE4FFFFF92920016FC15032C36
:10843000B012FE5B3041F2F0BFFF0000B0122E80A0
:1084400030410B120A120B4FB012CC564A4F0F4B51
:10845000B012FE51FF403F0000004F4AB012DE56FE
:1084600082430A166F43B012B6784F936E205F4274
:108470007E154E4F5E53C24E7E15CB4F0300B01299
:10848000CC564A4F6F43B012C45C4F930B204F4AF7
:10849000B012DE56B012CC56C2434215B012DE56B0
:1084A0005F43553C6F42B012C06B824B9C134F4AE6
:1084B000B012DE565F4B02008F105E4B01000FDEE4
:1084C0003FF020CC4E4F3ED041008F104F4F8F10C9
:1084D0000EDFCB4E01008E10CB4E0200CB432C00A2
:1084E000CB432800CB432900CB433100CB433000A2
:1084F000CB432F00FB4080FF2E00D24344151B428C
:108500009C13B012CC561E428E113E9202241E9332
:108510000324B012DE56143CA2438E11D2439E16A1
:10852000824B6813C243EC11B012DE567F40030049
:10853000B012187F4F9306247F400300B012407A98
:108540004F43053CB012D46BFB3F7F4005003A41DE
:108550003B4130410B120A1209120B4D4A4C7C90E0
:108560001D004F2CCD4F0B00CD4E06008E10CD4E72
:108570000700B012CC5619425213B012DE56CB4946
:1085800004008910CB490500B012CC5619422211C3
:10859000B012DE56CB4908008910CB4909005F4B69
:1085A00001003FD040885E4B02008E100FDECB4FA3
:1085B00001008F10CB4F02004F4A7F500D00CB4F70
:1085C0000000C2931F110824C2431F110F4BB012A9
:1085D00042844F930F20193CC24A9A13C2439B1303
:1085E000824B88117F400E00B0128257C2931F1138
:1085F0000A24033CF2431F11083CC24374134F4347
:10860000043C6F43023C7F40090039413A413B4101
:1086100030410B120A12091208127F9005002A2C11
:108620004B4F0B5B3B501A148B93000025208B4E55
:1086300000004C4D7C500D00CE4C0000F290050027
:1086400028111D28594E0B005A4E07008A10584E0B
:108650000600C24F28114C4D0D4E0E4A0ED84F4900
:10866000B01254854F930C24F240050028118B431F
:108670000000063C5F43043C7F400500013C4F4343
:10868000384139413A413B4130410B120B4FC293C3
:108690001A124D24C2934B134A20D2434B13C24F9C
:1086A000C5118F10C24FC4113B9000DE05201E4241
:1086B00072111F427411023C0E430F43C24EC91186
:1086C0000D4F8E108D104EED0EEDC24EC811C24FE3
:1086D000C7118F10C24FC6113F40C611B01238509B
:1086E0000E9302200F9312243B9000DE03244B4391
:1086F0000E43043C7B400A003E4050150D4B3DF0BC
:108700000A003F40CA11B0124ABA013C4B43F2433F
:10871000BE11F243BF11F2406000C3114D4B7D50BA
:1087200006003E40B8117F400300B01212863B4164
:1087300030410B120A12C293F31134243D400A0057
:108740003E405A153F405015B0124ABA1E427411AD
:108750000F431E530F63824E7211824F74110E939A
:1087600006200F93042092437211824374111E421B
:1087700046110F430C430D431D4272110A4E0B4F1D
:108780000A5C0B6D824A7211824B74113F4000DE0D
:10879000B0128A863F4000DEB01204757F4014009C
:1087A000B01282573A413B413041E2929E112C2057
:1087B000C2939A116420D2439A117F400500B012EF
:1087C00080881F422E14C24FF3138F10C24FF21332
:1087D0001F424611C24FF5138F10C24FF4131F42B0
:1087E0002A111D422C11C24FF9130E4D8F108E10FD
:1087F0004FEE0FEEC24FF813C24DF7138D10C24D5E
:10880000F613D2422911FA13F29005009E11372077
:10881000C2939A1506244F43B012966AC2439A1522
:108820003041C2936E1304205F43B0128088304100
:108830003D409E130E430F43FE4DFB131E530F632B
:108840003E900600F9230F93F7235F42F2138F1037
:108850005E42F3130FDEC24FEC138F10C24FED13C5
:10886000F2405100F1137D400F003E40E6135F439C
:10887000B01212864F9303244F43B012966A3041D0
:108880000B124B4F6F93142C5E429E117E9003008F
:1088900003247E9005000C20C2439A116E9303249A
:1088A0006E920620033CB012B888023CB012AA8730
:1088B000C24B9E113B4130410B120A1209125B421E
:1088C0009E114F4B6F836F939B2C194230111A42AC
:1088D00032113F404615B0123850099E04200A9FBD
:1088E0000220D2D335156B932020C2939A11882091
:1088F000D2439A117F400300B01280881F4230118A
:108900001D423211C24FF5130E4D8F108E104FEED7
:108910000FEEC24FF413C24DF3138D10C24DF2137C
:10892000D2422E11F613C243F7135B42F7130F4BDB
:108930000E4F12C30E1012C30E1012C30E105E4E55
:1089400024154D4F7DF007004D9303240E117D53E8
:10895000FB3F1EF308203E402F001F53B012E8B922
:108960000F9BE6234A3CC24FF713021232C2034365
:10897000C24F3001F240160038011F423A01324125
:108980000C4F0D435E422E110F434FEE0FEE8F1032
:108990004E4E8E100E5E0F6F0E5E0F6F0A4C0B4D1B
:1089A0000A5E0B6F0D4A0E4B5F429C116F930C24B5
:1089B0007F90030010245F931920031230121600D9
:1089C0003C40F8134F430D3C0312301216003C405C
:1089D000F8135F43063C0312301216003C40F813B4
:1089E0006F43B012406D21524F930A243D40100056
:1089F0000E435F43B012526A033C5F43B01280885B
:108A000039413A413B4130413F405A14FFF0FDFFAC
:108A10000000FFF0FDFFECFF4F43B0128088B24032
:108A2000FF002A1182432C11F24329113F409E136B
:108A3000CF430000CF430100CF430200CF430300E8
:108A4000CF430400CF4305003F402415CF4300002F
:108A5000CF430100CF430200CF430300CF430400C4
:108A6000CF430500F240050034113F404915FF4354
:108A70000000CF43FFFFCF43FEFF3F404615CF43EB
:108A80000000FF430400FF430700C24334154F4377
:108A900030410B120A1209120A4E0B4F494DC29374
:108AA0009E1103205F43B0128088824A2A11824BB4
:108AB0002C11C2492911F2439E13F2439F13F24332
:108AC000A013F243A113F243A213F243A3134F43A3
:108AD00039413A413B4130410B120A120912081246
:108AE0000A4E0B4F084C094DB012088AE24334116C
:108AF0000E4A0F4B3C404915CC4A00000B4C3B53EF
:108B00000D4F8E108D104EED0EEDCB4E0000CC4F64
:108B1000FEFF3B4046158F10CB4F00000C480D491F
:108B20003C533D630E4C0F4D0E4C8E108F104EEF8C
:108B30000EEF4F4F12C30F100E1012C30F100E1076
:108B40005E53084B2852C84E0000CB4E07000F4B17
:108B5000B012AA56CB4F06008F10CB4F0500B012B3
:108B6000AC6BE2423411D2410A009C1168480F4BB1
:108B7000B01238504D48B012928A4F4338413941B3
:108B80003A413B4130410B120A12091208120712F6
:108B90005F426C115F9303246F934220133C584251
:108BA0005B133F405C13B01238500A4E0B4F3F40EE
:108BB0005713B012385048120C4A0D4BB012D88AD5
:108BC00021532E3C57425B133F405C13B012385088
:108BD0000A4E0B4F3F405713B0123850084E094F02
:108BE000B012088A8248121282491412824A181559
:108BF000824B1A15C247F21167930824779003003D
:108C0000072457930D207F400300043C6F42023C31
:108C10007F400500B012226F4F930220C2433411EF
:108C20003741384139413A413B4130410B120A1238
:108C30000912494F0B4E4A4D5E4210125E939C241E
:108C400075286E92CC20F240030010125F429615F8
:108C50004F9303245F93C320223C0F4BB012385034
:108C60000A4E0B4F3F405713B01238500A9E122045
:108C70000B9F1020E29256130A204F49B0128056E3
:108C8000824E0A12824F0C12B0121674A83CD243C4
:108C90006C11023CE2436C11B012E474A03CC24976
:108CA0005F154F4DB012DC764A9399205F425A15FA
:108CB0007F50FDFF6F93932C0F4BB01238500A4F2B
:108CC000C24E5E150C4F0D4E8D108C104DEC0DEC00
:108CD000C24D5D15C24F5C158A10C24A5B150F4B21
:108CE0002F52B0123850C24E63150D4F8E108D109A
:108CF0004EED0EEDC24E6215C24F61158F10C24F80
:108D00006015B012328759425F153F406015B012AE
:108D100038500A4E0B4F3F405B15B0123850491285
:108D20000C4A0D4BB012D88A2153593C4D93572011
:108D30003F40CE12B01238503E9302203F93102491
:108D4000C2432A13D2431012031223123C402412AE
:108D50003D4080000E435F426613B0120A6E3E3CF7
:108D60005F42E4135F53C24FE4134F4FD24F3611AB
:108D70006613B012DE78333CE24310123C405004DC
:108D80000D435E422A130F43B012F6B80D4E0E4F3C
:108D90003D5080010E635F4266135F930D240628E9
:108DA0006F9310247F9003001A20113C031230129D
:108DB00050047F400600103C0312301250047F40E4
:108DC00007000A3C0312301250047F42053C031294
:108DD000301250047F400900B0125C6E21523941BC
:108DE0003A413B4130410B125B424D155B924A15B3
:108DF0000C2C3F404615B01238504D4BB012928AA1
:108E0000E2423515B012AC6B0E3C7D433E40FF0094
:108E10000F43B012928AB012088AD24334115F42D3
:108E2000F211B01214703B413041C2933411412011
:108E3000F240030034111F4212121D421412C24F9D
:108E400049150E4D8F108E104FEE0FEEC24F481584
:108E5000C24D47158D10C24D46151C4218151D42B6
:108E60001A153C533D630E4C0F4D0E4C8E108F1057
:108E70004EEF0EEF4F4F12C30F100E1012C30F1014
:108E80000E104D4E5D53C24D4A15C2434D153F4025
:108E90004615B012AA56C24F4C158F10C24F4B1533
:108EA000B012AC6BE2423411D242F2119C11B012FA
:108EB000E68D30414E4FC24386115F427A167F5095
:108EC000FDFF7F901600272C4F4F0F5F104F34BCD3
:108ED000B0122A8E30414F43063C5F43043C6F433F
:108EE000023C7F400300B012147A30415F43043CDF
:108EF0006F43023C7F400300B012EA7330414F439E
:108F0000033C5F43013C6F43B0126C7030417F40C3
:108F10000300B0126C7030410B125C429E114B4C3E
:108F20006B836B93202C1B4230111C4232110F9C1F
:108F30000A3802200E9B07280E9B2A200F9C28200F
:108F40005D922E11252C5F43B0128088C2432415F8
:108F5000C2432515C2432615C2432715C24328150F
:108F6000C2432915153C6C826C93122C1B422A11AA
:108F70001C422C110F9C0A3802200E9B07280E9BC6
:108F800007200F9C0520C29D29110228D2439A1563
:108F90003B4130410B120A1209125C42501302127B
:108FA00032C20343824C3201B2401C0038011D42E0
:108FB0003A0132413D5006003D503E160F9D9B2028
:108FC0004E930D24F2439E13F2439F13F243A013DA
:108FD000F243A113F243A213F243A313753C02120E
:108FE00032C20343824C3201B2401C0038011F429E
:108FF0003A0132415D4F43164F4D12C34F1012C319
:109000004F1012C34F104F4F3F509E131E437DF021
:1090100007004D9303240E5E7D53FB3FCFCE00002F
:109020001C535CF3C24C50135A424F127A53C24A3B
:109030004F123B402F000F430E4F12C30E1012C3AE
:109040000E1012C30E105E4E9E134D4F7DF00700A2
:109050004D9303240E117D53FB3F1EF308203E4029
:109060002F001F53B012E8B93B53E623333C4A9319
:1090700042242D3C5B924D1524205B53C24B4D1571
:109080003F404615B012AA56C24F4C158F10C24F22
:109090004B155B924A15032CB012E68D123C3F40F3
:1090A0004615B01238504D4BB012928AD24334114B
:1090B0005F42F211B01214704F9303246F43B01249
:1090C00082575F43B0128088C2434F12143CB012E3
:1090D0004A71113CB012D0685B42291119422A1121
:1090E0001A422C113F404615B0123850099EE92310
:1090F0000A9FE723BF3F39413A413B413041C243D8
:1091000086115D427A167D50FDFF7D9016000C2C75
:109110004D4D0D5D104D60BCB012948F3041B012BA
:10912000B6773041B012B67730413F90F813232024
:10913000F29003009E111F204E9304245F43B0124F
:10914000808830411F422E14C24FEC138F10C24F43
:10915000ED13F2405200F1137D401C003E40E61337
:109160006F43B01212864F9306243D4010000E4309
:109170005F43B012526A30410B120A120A4D0B4E75
:10918000C2438611F29015007A16202C5E427A16A0
:109190000E5E104E8CBC4E4CB0122A91173C4D4CBA
:1091A0000E4F4F430C3C4D4C0E4F5F43083C4D4C13
:1091B0000E4F6F43043C4D4C0E4F7F400300B012E6
:1091C0002C8C043C0D4A0E4BB01270773A413B4157
:1091D00030410B120A120912081207124B4F084EA7
:1091E0004A4D494F0D490D5D0D590D5D0D5D3D50C9
:1091F0000E16174D0A005F93082406286F93052466
:109200007F9003000420013C4F43B012B6750D4916
:109210000D5D0D590D5D0D5D8D4318160D473D53C8
:109220003D900500552C0D5D104DB6BC0F490F5FEC
:109230000F590F5F0F5F3F500E161D4F06001E4F58
:1092400008001F4F04005B93062405286B9303243A
:109250007B9003003D204C4AB0127891393C5B93DF
:10926000062405286B9303247B90030031204E4A8B
:109270000F48B012E8792C3C0F490F5F0F590F5F70
:109280000F5F3F500E161F4F04005B930624052806
:109290006B9303247B9003001B204E4AB012FE9078
:1092A000173C5B93062405286B9303247B900300F3
:1092B0000F204F4AB012F0770B3C5B930624052831
:1092C0006B9303247B90030003204F4AB012B48EAB
:1092D0003741384139413A413B4130410B120A1282
:1092E0004E4F0D4E0D5D0D5E0D5D0D5D3D500E162C
:1092F0001D4D0A003D533D900500A22C0D5D104D03
:10930000C0BC0D4E0D5D0E5D0E5E0E5E3E500E1627
:109310001A4E06001B4E08001C4E04002D4E1E4E19
:1093200002005F930B2406286F930F247F900300A5
:1093300087200F3C0B120A124F43033C0B120A12F8
:109340005F43B012426621527B3C0B120A126F43FC
:10935000F83F0B120A127F400300F33F0D4E0D5DE4
:109360000E5D0E5E0E5E3E500E161A4E06001B4E31
:1093700008003C4E3D4E2E4E5F930B2406286F9303
:109380000C247F9003005C200C3C0B120A124F430C
:109390000C3C0B120A125F43083C0B120A126F437B
:1093A000043C0B120A127F400300B012A865CB3FA9
:1093B0000D4E0D5D0E5D0E5E0E5E3E500E161A4E8B
:1093C00006001B4E08001C4E04002D4E1E4E0200CF
:1093D0005F930B2406286F930C247F9003003020AA
:1093E0000C3C0B120A124F430C3C0B120A125F4347
:1093F000083C0B120A126F43043C0B120A127F4006
:109400000300B012C4669F3F5E436F9201284E4333
:109410005F93092406286F9308247F90030010208F
:10942000063C4F43063C5F43043C6F43023C7F4095
:109430000300B0127467043C4D430E43B012D29146
:109440003A413B4130415F93082406286F9305243D
:109450007F9003000720043C4F43B012DC92304160
:10946000B012DC9230414F9303245F934720053CB8
:109470007F400A00B01282573041C29378110B240A
:10948000C24378115E437F40B9FFB01224645F434A
:10949000B0125A5E3041C2937C1124201F426413E3
:1094A000824364131F930C207E4005007F40ABFF76
:1094B000B01224645F43B0125A5EB012707530412E
:1094C0002F930B205E437F40B9FFB01224645F43AB
:1094D000B0125A5EB012227230415F42F411B012E3
:1094E000469430416E437F400500B01224641FF360
:1094F0000324B012A85F3041B0129A6430410B12BD
:109500000A12091208120712061205123182064EBB
:10951000074F05430E450E5E0F4E0F5F0F5F0F5E48
:109520003F5034145E4F08006EB302203040A497C1
:109530002A4F1B4F02001C4F04001D4F0600084617
:109540000947088A097B099D022C3040A497042012
:10955000089C022C3040A4975EF30424FFF0FDFF2A
:109560000800083C084C094D085A096B8F48000058
:109570008F49020075900C0002283040B0974F458B
:109580000F5F104FCABCB012CC56F2E01000310091
:109590006E3CB012AA87B012B8883040B097D2B3F0
:1095A00035152820C293A01125201F424611C24F15
:1095B0005F128F10C24F5E12E2436012C24361120B
:1095C0003D4009003E4046153F406212B0124ABA83
:1095D000F2435812F2435912F24050005D127D409E
:1095E0000E003E4052124F43B01212864F9302209B
:1095F000D243A0115F423515E2939E1105285FF317
:109600006FD2C24F35150E3C12C34F100B247F5042
:109610007F007FF07F004F5F5E4235155EF34EDFC7
:10962000C24E3515F2B0FEFF351508205F423415E5
:109630007F901600032C5F53C24F3415B012346B69
:10964000B73CB012CC564A4FC2937E110F20D24382
:1096500082115F43B012965F4F930320A2436413BD
:10966000053C7F9009000220B01222724F4AB012CE
:10967000DE569E3C1C426A141D426C141E42AE1102
:109680001F42B0110E9302200F9319240E9C172035
:109690000F9D1520C293B6110A20B012CC56D2D31A
:1096A0002C14B012DE567F401500B01282570F43C3
:1096B000B01248724F43B012F660C243B611B012F6
:1096C0007C72763C1F4298153F90030003242F9232
:1096D0006F20033C92439815023CA24398155F42C9
:1096E00015117F936524B0128C7C623C1F42981543
:1096F0003F90050004243F9006005A20073CB0121A
:1097000016734F930E2082439815523CB012167375
:109710004F930720824398153D4000080E437F4237
:10972000053C3D4014000E437F400700B012526AD2
:109730003F3CC29348110A207F401200B012587378
:109740004F9304247F401200B0128273C2934811D9
:109750002F20B012D0682C3C5F425A157F90050034
:1097600004247F90060024200B3C5F425F15B0125A
:109770008056824E0A12824F0C12B0121674183C98
:10978000B012CC560F41B0125C561F4246112F91B9
:109790000524814F00000F41B012C455B2400F5A4A
:1097A0002001FF3F155335900C00022430401495E2
:1097B0005F43B0128257315235413641374138410B
:1097C00039413A413B4130410B125F4228113E4042
:1097D00005001F53B01222BA7B4005004D4F0E4DBD
:1097E0000E5E8E931A1414244E4F12C34E1012C3E1
:1097F0004E1012C34E104E4E5E4E08164C4D7CF06D
:1098000007004C9303240E117C53FB3F1EF30924E5
:109810003E4005000F4D1F53B01222BA7B53DE238A
:109820001E3CC24F28115F4228117F9005001B2C5F
:109830004F4F0F5F1D4F1A145F4D07008F105E4D85
:1098400006006C4D7C50F3FF0EDF5F4D0B00B01235
:1098500054854F9308246F42B0128257043CF24063
:1098600005002811E03F3B4130410B125B422811BB
:109870007B9005000D2C4E4B0E5E3E501A142F9E11
:1098800007208E430000B012C8974F4BB012C86A31
:109890003B4130410B120A120912081207127F9243
:1098A00002283040E29B4F4F0F5F104FE2BC1F4237
:1098B00082018F105FF304241F4292013040E29B2B
:1098C000B2F0EFFF820182937C13082082937E1313
:1098D00005204F43B01282573040E29BB0125C69C2
:1098E0003040E29B1F4284018F105FF30220304022
:1098F000E29B18429401B2F0FEFF8401B2F0FDFF3A
:109900008401B012C8610C4E0C880D430A4E0B4FF7
:109910000A8C0B7D1F428E113F90050004243F905E
:1099200006008F206F3CB24006008E11D2434A13CE
:10993000C2438C116F43B01254511F426813CF4A77
:1099400031000E4A0D4B8E108D104EED0EEDCF4EA8
:1099500030000E4BCF4B2F008E10CF4E2E00CF93EA
:109960002D003924674F7750FBFF4947095F0F49A6
:10997000B01238500C4E0D4F0C8A0D7BC94C0300B1
:109980000F4C0C4D8F108C104FEC0FECC94F020098
:109990000F4DC94D01008F10C94F0000B012E45C9B
:1099A0006C420D494E470F43B0120668B012B65FC5
:1099B0000F49B01238500E5A0F6BC94E03000D4FAD
:1099C0008E108D104EED0EEDC94E0200C94F0100F4
:1099D0008F10C94F00001E4268135F4E02008F10A7
:1099E0005E4E01000FDE3FF020000224D24326121B
:1099F000B0128060B2F0EFFF8601E2B31C000224D7
:109A00003040E29BC2434A135F43B01254511E429E
:109A100068135F4E02008F105E4E01000FDE3FF0B4
:109A200020000924B24007008E113E4000010F4380
:109A3000B012F662033C4F43B012C45EE2B31C00A6
:109A4000D024C2938C112720C2934A132420D243DE
:109A50004A136F43B01254515D421C005E42F81528
:109A60007E920E2C4F4E5F52FE153FF007000F5FA7
:109A70000F5F8F4AA0158F4BA2155E53C24EF8158B
:109A8000D2438C1182489013E2B31C00AA204F4DA0
:109A90006FF35A4301204A43D2934A13A220C24390
:109AA0004A135F43B0125451C2438C114A93992018
:109AB0001882901338900A00942C5F42F8154F9347
:109AC00003247F53C24FF8151F4268130F93892454
:109AD000CF432D00CF433100CF433000CF432F0081
:109AE000FF4080FF2E007D3C1F4286018F105FF3F8
:109AF00003241F429601753CB2F0EFFF860182936A
:109B0000261346208293281343201F428E113F5074
:109B1000FDFF3F9006002F2C0F5F104FF2BCF2B0FC
:109B2000100020000824A2428E113E4007000F437F
:109B3000B012F662203CB0123A631D3C7F40030035
:109B4000B012187F4F9305247F400300B012407A73
:109B5000123CB0126C630F3C4F430B3C7F4009003A
:109B6000B012945C5F43B0125451B01280607F40D9
:109B70000700B012C45E929396113320A24396114F
:109B8000B0125075B01260754F43B012407A293C44
:109B9000B0121262263C1F4288018F105FF321240D
:109BA0001F4298011E3C1F428A018F105FF3192447
:109BB0001F429A01163C1F428C018F105FF3112443
:109BC0001F429C010E3C1F428E018F105FF309243F
:109BD0001F429E01063C92537613925324148263D3
:109BE00026143741384139413A413B4130410B124B
:109BF0000A1209120812071206123150EEFF7F9066
:109C000023000228304018B24F4F0F5F104F08BD9D
:109C1000C293961228201A429C151B429E15B01220
:109C2000CC5618427C1319427E13185284131962C1
:109C30008613B012DE56824A9C15824B9E15C24393
:109C40009612B012CC568248841382498613824AF7
:109C50007C13824B7E13814F1000B0125C691F4150
:109C60001000B012DE56B012E068B012FE94304020
:109C700018B2B012E0680A4E0B4FB2F0EFFF82014B
:109C8000464338433940FF7F07430E470E5E0F4E71
:109C90000F5F0F5F0F5E3F503414EFB308001324C3
:109CA0000C4A0D4B2C8F1D7F02001E4F04001F4FCE
:109CB00006000E8C0F7D0F99033805200E98032C9B
:109CC000084E094F5643175337900C00DE23469336
:109CD0000220304018B209930438199308341893BD
:109CE000062C0E4A0F4BB012FE94304018B2824838
:109CF0009C1582499E15D2439612B012CC56824AC8
:109D00008413824B861382487C1382497E13814FD1
:109D10001000B0125C691F411000B012DE563040D6
:109D200018B2B012CC56F2D010003100814F1000A2
:109D3000B0126474F2F0BFFF31001F411000B01286
:109D4000DE56C2436C115F4256137F900300052418
:109D50006F920224304018B2063CD2436C11B0120C
:109D6000E474304018B25F425B13B0128056824EEA
:109D70000A12824F0C12B0121674304018B2C293FD
:109D800008160220304018B238401A144A435B4388
:109D90005F4208164BBF0824884300004FCBC24FD8
:109DA00008164F4AB012C86A4B5B5A5328537A922E
:109DB000EF23304018B25B4228114E4B0E5E8E43AB
:109DC0001A14B012C8974F4BB012C86A304018B27C
:109DD000B012CC564B4F5F43B012545192438E1188
:109DE000C2438C11C2432612C243CC124F4BB01255
:109DF000DE56B012CC56814F1000B012AE529243D4
:109E00004C12C2434E13F2F0FEFF2500F2F0FEFFAB
:109E10002300D2D32400D2D325001F411000B0125A
:109E2000DE56B012CC564B4FA292961105207F40C1
:109E30000300B012945C4F4BB012DE56B012CC56F9
:109E40004B4FB012B65F4F43B012C45F4F4BB012CE
:109E5000DE566F43B012C06B8293AE11192082930D
:109E6000B01116208243B2118243B411C243B6111D
:109E70004F43B012F660B012CC564B4F0F43B012A6
:109E800048724F4BB012DE56B0127C724B43023C0C
:109E90007B4005003F4000DEB01204754B9302206A
:109EA000D243F311D2431A12304018B24F43B012CA
:109EB000C06B304018B2B012CC56B012DE567F40A4
:109EC0000300B012C45C4F933D24B012CC564B4FEC
:109ED00082438E11B2F0EFFF8601B2F0EFFF8401F2
:109EE000F2F0FDFF1F007F400300B012C45FB0120C
:109EF000B65F4F4BB012DE56B012CC5682434C12B6
:109F0000814F1000B012AE52B012B65FF2F0FEFFF9
:109F10002500F2F0FEFF23001F411000B012DE56B4
:109F200082439611B0125075B012CC56F2F0DFFF9A
:109F30001D00B012DE56B01260757F400600B012F0
:109F40008257033C6F43B012C06B1B429C13B0128C
:109F5000CC56C2434215B012DE5682930A16022432
:109F6000304018B2F2431F110F4BB0126A983040C4
:109F700018B2B0129E7A304018B2B012CC56C2431A
:109F80008016B012DE56304018B2B012CC565B428A
:109F90002711B012DE567B9005000228304018B21F
:109FA0004F4B0F5F104F4EBDB012E45CB012CC5659
:109FB0004B4FA29396110424B012DE56304018B2D3
:109FC000B240030096113E4018007F401D00B012C1
:109FD000C267F2F0EFFF2500F2F0EFFF2300F2F08E
:109FE000EFFF2400F2D0100025005F43B012945C14
:109FF0003E407F027F401C00B012C267B0120AB719
:10A00000B01236B73E40562A7F401700B012C267E2
:10A010003E40FF807F401500B012C2674F4BB01228
:10A02000DE56304018B2B012E45C7F400600B01239
:10A03000945CB0120AB7B01236B7B0127E68B01294
:10A04000B65FB012E45C7F400300B012945CB012C3
:10A05000B65F5F43B012C45F7F400900B012825701
:10A06000304018B2B012E45CB012CC564B4FB01274
:10A070007A5C4F9304244F4BB012DE560D3C4F4B8D
:10A08000B012DE567F405300B0128A514F43B012D7
:10A090008A514F43B0128A51B012B65F6F43B0126B
:10A0A000C45F304018B2B012CC565B428E11B01271
:10A0B000DE566B9208247B920A246B931E20B0120A
:10A0C000D46B304018B2B0126C63304018B2B0128A
:10A0D000E45C7F400900B012945CB012B65FB0122D
:10A0E0008060B012CC5692438E11B012DE567F4083
:10A0F0000300B012A85E304018B2B0128060304049
:10A1000018B2B012CE5D304018B2B012CC56814FAA
:10A110001000B0122E801F411000B012DE563040E9
:10A1200018B2B012CC56D24276152411F240030078
:10A130009211B012DE565F422411B012027F5F42CC
:10A1400024114F9305245F930224304018B2053C3C
:10A150004F43B0126694304018B25F43B012669419
:10A16000304018B21B42A411674B4E470E5B6F4E36
:10A170004F5F0F430F6FCB4F2B006F4E7FF07F0071
:10A18000CB4F2900DB4EFFFF2800594B02005A4BF2
:10A190000100B012CC5658422213B012DE5648933A
:10A1A00049244E498E104F4A0EDF8E104E4E12C378
:10A1B0000E1012C30E103EF003002E931E205A4BB9
:10A1C00007008A105F4B06000ADFB012CC56194216
:10A1D0008A13B012DE560A990B245F4B07008F10CA
:10A1E0005E4B06000FDE1E433F9303240E43013CEB
:10A1F0001E430E931F203040FAA63E900300022417
:10A200003040FAA691426E150800914270150A007E
:10A21000914272150C00914274150E003D420E41A0
:10A220003E520F4B3F500600B0122ABA0F93022441
:10A230003040FAA677900D00022C3040FAA61B425F
:10A24000A4115E4B02008E105F4B01000EDF0F4E1B
:10A250008F104F4F12C30F1012C30F103FF00300A7
:10A260000C4B3C5006008E104E4E7D40060012C333
:10A270000E107D53FC233E90030002242E43013C2C
:10A280003E423F90030002242F43013C3F420C5FBB
:10A290000A430F430D4C0D5F6D4D0A5D1F530F9E1A
:10A2A000F93B594B0300F2430C16B012CC565D42F9
:10A2B0000C163E40F6110C432A9E0A20CE9902004D
:10A2C0000620C24D0C16B012DE563040F6A64D4C9C
:10A2D0001C532E522C92F023C24D0C16B012DE5697
:10A2E00058420C16B012CC5678930324C2988A11A7
:10A2F000042058428A115D43013C4D434E480E5E96
:10A300000E5E8E4AF611CE49F8114D9307245E4237
:10A310008A115E537EF00300C24E8A11B012DE56DF
:10A32000B012CC56494F0F4BB012FE516A4F4F49F5
:10A33000B012DE56CB932B0002203040F6A67A9066
:10A340003F0002243040F6A65A4B07008A105F4BAC
:10A3500006000ADFB012CC5619422211B012DE56A6
:10A360000A990B245F4B07008F105E4B06000FDE2F
:10A370001E433F9303240E43013C1E430E930220D1
:10A380003040F6A60A4B3A500C005C4B0B007C9018
:10A390005200E3247C905300092C7C90500012243E
:10A3A0007C90510002243040F6A6713C7C90600005
:10A3B000022030401CA67C90610002243040F6A6AA
:10A3C0003040CAA6094B395010000F49B01238501E
:10A3D000084E0A4F3F404615B0123850089E0224DE
:10A3E0003040F6A60A9F02243040F6A6EB930E00FA
:10A3F00002243040F6A6E292341102243040F6A640
:10A400005A4B15008A105F4B16000ADF0F49B01235
:10A41000AA560A9F03201F430A9301200F434F931C
:10A4200002203040F6A65D4B17005E424D154E9D52
:10A430001C2CF2B0FEFF35152620594B0C005A4B50
:10A440000D00D2939E111F206F42B01280884F4999
:10A450008F104E4A0FDE824F2E14D2436E13C2432A
:10A460009A155F43B012966A0E3C5F4235154D9EB9
:10A47000052C5FF36FD2C24F3515053C5FD3C24F39
:10A4800035153040F6A6B012AC6B3040F6A6C2933C
:10A490009E1102203040F6A60F4B3F501000B01224
:10A4A0003850094E074F584B14004D48B012188FC2
:10A4B0005C4B0C008C105F4B0D000CDF1C924611A6
:10A4C00002243040F6A619922A1102243040F6A642
:10A4D00017922C1102243040F6A658922911022816
:10A4E0003040F6A65E429E115E9304203C40241547
:10A4F0000F43163C4F4E6F836F9302283040F6A6F1
:10A500001992301102243040F6A61792321102241B
:10A510003040F6A658922E1102243040F6A6E63FAF
:10A520000D4A0D5FDCDD090000001F531C533F90F6
:10A530000600F6235E9302243040F6A66F43B01265
:10A5400080888249301182473211C2482E11B243AD
:10A550002E14B012B8883040F6A6C2939E11022085
:10A560003040F6A60F4AB01238505D4B1000B012C2
:10A57000188F0F4AB01238501E922A11BC201F9219
:10A580002C11B920DB9229111000B5205F4B11006E
:10A590004D4F12C34D1012C34D1012C34D104D4DEF
:10A5A0005D4D9E137FF007004F9303240D117F53E1
:10A5B000FB3F1DF3A024E2934F129D2CB012CC560A
:10A5C000F2E020003100B012DE5659424F124F49DE
:10A5D0005FE250134F4F021232C20343824F3201E7
:10A5E000B2401C0038011F423A0132413D401C007C
:10A5F0000E4A3F503E16B0124ABA4F495F53C24FFF
:10A600004F125F9378205F4B09008F105E4B08005C
:10A610004EDFC24ECD12B0124A716D3C5A4B0C0047
:10A620008A105F4B0D000ADF0F4B3F500E00B01237
:10A630003850084E094F3A9000DE05201E42721134
:10A640001F427411023C0E430F43C2931A1253244B
:10A650000E9307200F9305200893102009930524DB
:10A660000D3C08930220099320240C480D490C8EC0
:10A670000D7F0D931E3802201C931B283A9000DE9C
:10A6800014207750EDFF77900A00022C4D47023CD2
:10A690003D400A000E4B3E5012003F405015B01294
:10A6A0004ABA82487211824974110F4AB012047575
:10A6B000223C089E0820099F06203A9000DE1B20BD
:10A6C000D253B611183C0F4A143CC2931A121324E9
:10A6D0005F4B0C008F105E4B0D000FDE3F9000DED5
:10A6E0000A208293721103208293741104243F4044
:10A6F00000DEB0128A86824BA411B012CC56C2433F
:10A700004E13B012DE56B012B87F304018B25F421E
:10A7100074135F921F110220304018B2C24F1F11F4
:10A720004F9310201F428811B01242844F93022091
:10A73000304018B2F2431F111F428811B0126A98BC
:10A74000304018B2F2431F11304018B2B2900500E9
:10A7500098130228304018B21E4298130E5E5F42D2
:10A76000F411104E58BDB0124694304018B25D42FC
:10A770002C135F930F2408286F9312247F900300FB
:10A780000224304018B2123C0E434F43B012D29113
:10A79000304018B20E435F43B012D291304018B22D
:10A7A0000E436F43B012D291304018B20E437F4037
:10A7B0000300B012D291304018B25D422C131E42F9
:10A7C00080155F930E2408286F9310247F90030058
:10A7D0000224304018B20F3C4F43B012D2913040A7
:10A7E00018B25F43B012D291304018B26F43B0122A
:10A7F000D291304018B27F400300B012D291304065
:10A8000018B25D422C135F930F2408286F93122413
:10A810007F9003000224304018B2123C0E434F4395
:10A82000B012D291304018B20E435F43B012D291B1
:10A83000304018B20E436F43B012D291304018B27C
:10A840000E437F400300B012D291304018B25D42F7
:10A850002C135F930F2408286F9312247F9003001A
:10A860000224304018B2123C0E434F43B012D29132
:10A87000304018B20E435F43B012D291304018B24C
:10A880000E436F43B012D291304018B20E437F4056
:10A890000300B012D291304018B2B012CC56D2425E
:10A8A00054131A11F24003008411B012DE56D24242
:10A8B0001A11F4115F43B012965F304018B2F2F0F3
:10A8C000FDFF6414C2437E115F43B012965F4F9345
:10A8D000042092436413304018B27F900900022490
:10A8E000304018B2B0127075304018B23D400004CC
:10A8F0000E436F42B012526A304018B2B012CC56BA
:10A90000D24224131711E2437611B012DE565F4291
:10A9100017117F900F0017247F901000062C7F9056
:10A920000E000224304018B2093C7F901000102421
:10A930007F9011000224304018B2103C5F43B012E7
:10A94000906F304018B26F43B012906F304018B221
:10A950007F400300B012906F304018B2B012868B67
:10A96000304018B2B012CC565E422C141EB30624EE
:10A970007EF0FEFFC24E2C145B43013C4B43B012F1
:10A98000DE564B930220304018B23F4000DEB0123A
:10A990008A867F401500B0128257304018B2B0123C
:10A9A000CC561B421E15B012DE563B90670E022C91
:10A9B000304018B2B012CC560F41B0125C569142E2
:10A9C0000A12020091420C120400F1430600C14336
:10A9D00007009142461100000F41B012C455B24029
:10A9E0000F5A2001FF3FB012CC56D24288131611E5
:10A9F000E2436E11B012DE56C293161102243040AB
:10AA000018B25E42A0BD4F4E7FF070007F901000E4
:10AA100003247F9050002220F29315110624B012D7
:10AA2000C27BB0121674304018B2C24315114E9357
:10AA30000438C2437F151F43033CD2437F152F4385
:10AA4000B01210B84F930220304018B2F2431511E3
:10AA5000B012C27BB0121674304018B24F43B0121D
:10AA60008C7C304018B2F29315110220304018B29D
:10AA7000C2937F1503243F400600023C3F4005007F
:10AA8000B012167E4F930420F2431511304018B2D5
:10AA90007F401800B0128257304018B2B012868B37
:10AAA000304018B2B012CC56C24379165B422A1518
:10AAB0005A437B9201244A4358437B900900012466
:10AAC00048434A93022048930724C2432A155E4212
:10AAD0002D140E5ECE439213B012DE564A9302201E
:10AAE00048931E24B012CC56D253FA15F29043006C
:10AAF00082130E205E42DD135E92DC130C245E5343
:10AB0000C24EDD137E9006000628C243DD13033CCF
:10AB10005AE35843023C48434A43B012DE56043CD1
:10AB20004B9361204A434843B012CC565B426811B4
:10AB3000B012DE564B930824B012CC56F2400A00F5
:10AB40002A15B012DE56413CB012CC56594292132F
:10AB50005B429413B012DE56B012CC565642DC1350
:10AB60005742DD13B012DE564697202449931E202B
:10AB7000B012CC564B4FE2439213B012CC56574210
:10AB8000DC135942DD13B012DE56479905245E42AC
:10AB9000DD135E4EDE13013C4E43C24E9313F24072
:10ABA00043008213C2432D144F4B0B3C4F4B7F533A
:10ABB0006F930B2CB012CC56F24045008213D24357
:10ABC0002D14B012DE565B43013C4B4348930C24DA
:10ABD000B012CC56C24A5A11B012DE567F401E0047
:10ABE000B0128257013C4B43B012CC564A4FF29000
:10ABF0000A002A150720B0124C584F4AB012DE56F0
:10AC0000304018B2B012DE564B930220304018B2DA
:10AC1000B012CC568243A016C2437B13D2432A15EE
:10AC2000B012DE56B01268574F930220304018B26F
:10AC3000B012CC56F24009002A15B012DE56B012FE
:10AC40008A58304018B2B012CC56C2934A112B2009
:10AC5000E2434A11C2434E12B012DE56B012CC5635
:10AC60004B4FD2930A1112205E424A115E93052087
:10AC70007F402000B0128257093C6E930720D242D9
:10AC80004E120A11F24003004A11013C4F4BB01220
:10AC9000DE56C2930A110320B012DA7A063CB012D3
:10ACA000CC56C2434A11B012DE56B012CC56C24343
:10ACB0002A15C2434F13B012DE56304018B27F40FF
:10ACC0001D00B0128257304018B2B012E6564F93B2
:10ACD0000220304018B282934C130224304018B244
:10ACE000829376160224304018B2B012CC564B4FE5
:10ACF000F29003004A113620C2930A1133205D42BC
:10AD00000C117D931B244E4D5F4E2012C24F0C112F
:10AD10007F930220F2430B11FE432012C24D4E12CC
:10AD2000F2430A11D2434A117F402000B0128257E9
:10AD3000D2437800F2F0CFFF01000D3CD2430A115C
:10AD4000C2434A11D2437800F2F0CFFF0100B012A3
:10AD5000E651B012C851B012E6514F4BB012DE5658
:10AD6000304018B24F4BB012DE56304018B282431A
:10AD70006011B012CC56B012DE561D426211C29361
:10AD800056110224304018B25F4201116F9302281D
:10AD9000304018B24E4F0E5E1D9EC015022430404A
:10ADA00018B2B0121C78304018B2B012CC565A42C9
:10ADB00052111B42501157422112B012DE564A93D3
:10ADC0000224304096B15F4B0B007F905300072464
:10ADD0007F9054000224304096B130407AB0C29344
:10ADE00048110224304096B15F4B0D006F9202284B
:10ADF000304012B24F4F5A4F36117A9302203040F2
:10AE000012B2DB930C0001240E2C7F401200B01212
:10AE100058734F9308207F401200B012E8B74F9349
:10AE2000022430406CB0B01264743D4000080E4300
:10AE30007F400A00B012526AC24A0011FB9007001C
:10AE40000C000228304096B15F4B0C000F5F104F92
:10AE500062BDD24348115A930C2408286A930C24EB
:10AE60007A9003000224304012B2093C7F40150062
:10AE7000083C7F401600053C7F401700023C7F40A5
:10AE80001800B012226F304068B0E24348115F4BA7
:10AE900012008F105D4B13000DDF0E4B3E5014005F
:10AEA0003F408216B0124ABA5F4B12008F105E4BC1
:10AEB0001300084F08DE09430F4B3F500E00B0123D
:10AEC00038500D4E0E4F5A93102408286A931424BC
:10AED0007A9003000224304012B2153C0912081285
:10AEE0003C4082167F401500143C091208123C4079
:10AEF00082167F4016000D3C091208123C40821653
:10AF00007F401700063C091208123C4082167F4021
:10AF10001800B0127870673CF240030048115F4B94
:10AF200012008F105E4B1300084F08DE09430F4BD1
:10AF30003F500E00B01238500D4E0E4F5A93102451
:10AF400008286A9314247A9003000224304012B235
:10AF5000153C091208123C40B3137F401100143C09
:10AF6000091208123C40B3137F4012000D3C091235
:10AF700008123C40B3137F401300063C091208122C
:10AF80003C40B3137F401400B012406D2C3CE242B1
:10AF900048115F4B12008F105E4B1300084F08DE04
:10AFA00009430F4B3F500E00B01238500D4E0E4F5C
:10AFB0005A930E2408286A9310247A9003000224DE
:10AFC000304012B2123C091208127F401100093CB5
:10AFD000091208127F401200043C091208127F4037
:10AFE0001300B0125C6E21523F3C091208127F40E0
:10AFF0001400F73FF240060048114F4AB0123A7071
:10B00000333C3D401A000E433F40B313B01244BBE3
:10B010003D400A003E40FEBC3F40B313B0124ABA66
:10B02000F2405B00C613F240C1FFC513F240C4FFFB
:10B03000C413F2405900C313F240ECFFCA13F240AC
:10B040003B00C913F2408EFFC813F2401C00C71327
:10B050001F424611C24FCC138F10C24FCB133D403D
:10B060001B000E434F43063C4F939524C2434811A7
:10B070001D430E43B01226778E3C3D400A000E431E
:10B080003F405A15B01244BB7F401100B01282738A
:10B09000E2936C1122205F425B13C2936A111D2060
:10B0A0006F9308247F90030008245F930B207F4058
:10B0B0000E00053C7F400F00023C7F401000B012A4
:10B0C0007474013C5F435E434F9301244E43C24E70
:10B0D0006A114E930224C2438815B012088AC243F3
:10B0E0006C115F4B0C00C24F5A155E4B0D006E92F7
:10B0F000042C4E4E5E4E3611013C7E43CB4E0D006D
:10B100007F537F900600472C4F4F0F5F104F70BD4D
:10B11000B01232874F43B012DC767F401B00B01272
:10B120008273393C7E9329247F401B00B0125873F0
:10B130004F9306207F401B00B012E8B74F931D20AD
:10B140005F4B0D00F290030010122520D24396159C
:10B150000312301254003C40CE120D430E43B01285
:10B160000A6E21524F9303245F421012013C6F423A
:10B17000C24F1012103C7E9302205F430A3CC24E25
:10B180005F153D4000040E437F400B00B012526A31
:10B190004F43B012DC76B012CC564E470E5E8E4B4B
:10B1A00010115E426611479303247EF0FBFF023CC0
:10B1B0007EF0FDFFC24E6611C2435411B012DE563E
:10B1C0002B3CB012CC56D2424E120A11F240030070
:10B1D0004A11B012DE56C2930A111E20B012DA7A5A
:10B1E0001B3C5E427A134E9317240D435F434FBEC0
:10B1F00003248D43C0154ECF4F5F2D533D9010005B
:10B20000F623C24E7A13083C5F420111B0121C783B
:10B21000033C5F4330406CB031501200364137413F
:10B22000384139413A413B413041F293F915082404
:10B23000B0122A557F930624B012EE9B5F43304133
:10B240004F4330414F4330410F120E120D120C127A
:10B250004F43B01248553C413D413E413F41B1C092
:10B26000F000000000130F120E120D120C121F42FC
:10B270002E014F4F12C34F10B01248553C413D4173
:10B280003E413F41B1C0F000000000130F120E120A
:10B290000D120C124F43B01294983C413D413E4177
:10B2A0003F41B1C0F000000000130F120E120D124A
:10B2B0000C121F421E014F4F12C34F10B012949830
:10B2C0003C413D413E413F41B1C0F0000000001310
:10B2D0000F120E120D120C1221835E4223005F42E8
:10B2E00025004FFE4F4F814F000091B300000E2408
:10B2F000F2F0FEFF230092934C120520A2434C1261
:10B30000B012927F563CD2532313533CA1B300009A
:10B3100005245F4223007FF0FDFF493CA1B20000FD
:10B3200005245F4223007FF0FBFF413CB1B20000E7
:10B3300005245F4223007FF0F7FF393CB1B01000D5
:10B3400000001B24F2F0EFFF2300A2429611F2F05E
:10B35000EFFF2500F2F0EFFF23000E437F401D00BA
:10B36000B012C267B0127E68B012B65FB012E45C71
:10B370007F400500B01282571C3CB1B02000000095
:10B3800005245F4223007FF0DFFF113CB1B0400095
:10B39000000005245F4223007FF0BFFF083CB1B0EE
:10B3A0008000000006245F4223007FF07F00C24F30
:10B3B000230021533C413D413E413F41B1C0F0009B
:10B3C000000000130F120E1221835E422B005F4219
:10B3D0002D004FFE4F4F814F000091B30000052418
:10B3E0005F422B007FF0FEFF3B3CA1B30000052431
:10B3F0005F422B007FF0FDFF333CA1B2000005242B
:10B400005F422B007FF0FBFF2B3CB1B20000052414
:10B410005F422B007FF0F7FF233CB1B0100000002B
:10B4200005245F422B007FF0EFFF1A3CB1B02000F3
:10B43000000005245F422B007FF0DFFF113CB1B01C
:10B440004000000005245F422B007FF0BFFF083C56
:10B45000B1B08000000006245F422B007FF07F0027
:10B46000C24F2B0021533E413F41B1C0F0000000CC
:10B4700000130F120E120D120C125F4276005E4284
:10B4800092114E930D24093C5E4224114E930224E6
:10B490005E930620B0121884033C7E900300F427CC
:10B4A0003C413D413E413F41B1C0F000000000132E
:10B4B0000F125F4270003FF0200006245F427000D0
:10B4C0002FF202245F4270003F41B1C0F000000043
:10B4D00000130F120E120D120C120B121F42A801B4
:10B4E0003F9005000A2CB012B4501E42A6010E93E4
:10B4F00092243FF080005E4301244E435F42A41338
:10B500003FF01F003F533F901000832C0F5F104F00
:10B510007CBDB01224531F424001C29316127B20FF
:10B52000B0126A7C783C1F424001C293161271200F
:10B53000B0126A7C4F936F246C3C1F4218120F5F4D
:10B540001C4296130C5F5B4225130D434F4D0F5F5A
:10B550003F504001AC4F00002C531D530D9BF62B68
:10B560001B521812824B18124E932920829B2212D2
:10B570005220253C1D4218120F4D0F5F1B4296139F
:10B580000B5F1F4222120F8D0D4F3F9011000228BA
:10B590003D4010000C434F4C0F5F3F504001AB4FFC
:10B5A00000002B531C530C9DF62B1D521812824D7C
:10B5B00018124E9304201F4222120F9D0520B01234
:10B5C000245382431812273C0F8D3F901000232CE8
:10B5D0004F43B01238517FD080FF5E4222125E820C
:10B5E00018124E4E3E5080004F4FCE4F0000133C7D
:10B5F0001D4296134E434F4E0F5F3F504001AD4FDB
:10B6000000002D535E534F4E1F922212F42B8243A3
:10B610009613B01224533B413C413D413E413F41D2
:10B62000B1C0F000000000130F120E120D120C1228
:10B630005E427E005F424A114F9331242D3CC293FB
:10B640000A112D201D424C130D930E241F421C1570
:10B650000D5FCD4E00001F53824F1C151F923014FA
:10B660001E2882434C131B3C7E907E0003204E43D9
:10B670005F430F3C7E907D000320E2D34C110F3CD2
:10B68000E2B34C110524F2F0FDFF4C117EE02000E6
:10B690004F43B012E659033C7F900300D0273C4152
:10B6A0003D413E413F41B1C0F000000000130F1288
:10B6B0000E120D120C125F424A114F931E241A3CB7
:10B6C000C2930A111A20C293A6110F201F426213BF
:10B6D0001F923C150A2C1E4276160E5F6E4E1F53AB
:10B6E000824F6213C24E7F00083C82437616B0122E
:10B6F000B258033C7F900300E3273C413D413E416B
:10B700003F41B1C0F000000000130B12B012CC5644
:10B710005B427715B012DE560F4B0F5F0F5F0F5B6A
:10B720003F502E010E4F3ED000407F401800B01217
:10B73000C2673B4130410B12B012CC564B4FC29303
:10B74000221304241E43C293781601200E434E4E4A
:10B750008E100E5E0E5E0E5EC293601304241D43B7
:10B76000C2936C1501200D433ED0E2220D5D0D5DAC
:10B770000D5D0D5D0EDD7F401100B012C2674F4BB5
:10B78000B012DE563B4130410B120A120912494FEA
:10B79000B012CC564A4F1E42A2015EF30524B012ED
:10B7A000DE567F4005001C3CB01272500B4F3BF040
:10B7B000FDFF0F4BB01278503BD020004E497E5316
:10B7C0001EF37D4006000E5E7D53FD233BF0BFFF60
:10B7D0000F4B0FDEB01278504F4AB012DE564F4377
:10B7E00039413A413B4130410B124B4FB012CC56DC
:10B7F000C29376110820E2437611C24B1711B012A2
:10B80000DE564F43033CB012DE565F433B413041AE
:10B810000B120A120B4F1F4298150E4F3E532E93D8
:10B820000C2C0B9F5F244F4BB01288B74A4F4F939D
:10B830005E209293981546203F3C0F9320204F4B5B
:10B84000B01288B74A4F4F9352201B930A20E2B39D
:10B850008C140F430F6F4F9304243D4046000E435A
:10B86000033C3D4011000E437F400600B012526A77
:10B87000F2F0FDFF8C142B53824B9815383C0E4F81
:10B880003E50FBFF2E93292C4F4BB01288B74A4FE6
:10B890004F932D20F2F0FDFF82141F4298150E4F9A
:10B8A0002E820B9E0620824B98150F4BB012F27D14
:10B8B0001E3C3F9005000620A24298153D40110015
:10B8C0000E43063CB240030098153D4046000E432F
:10B8D0007F400600B012526A0A3C2B530F9B052092
:10B8E0004A43053C7A400900023C7A4005004F4A31
:10B8F0003A413B4130410B120A120B430A43083CC8
:10B9000012C30D100C1002280A5E0B6F0E5E0F6F33
:10B910000C93F6230D93F4230E4A0F4B3A413B410F
:10B9200030410B120A1209120812071206120512F0
:10B930000412084C094D0A430B430C4E0D4F0E43A5
:10B940000F43B0128EB93441354136413741384149
:10B9500039413A413B4130410B120A120912081297
:10B9600007120612051204121841120019411400A0
:10B970001A4116001B411800B0128EB934413541EE
:10B9800036413741384139413A413B413041044326
:10B990000543064307430E3C12C30B100A1009105F
:10B9A00008100428045C056D066E076F0C5C0D6DB5
:10B9B0000E6E0F6F0893F0230993EE230A93EC2386
:10B9C0000B93EA230C440D450E460F4730417C4053
:10B9D00010000D4E0E430F5F0E6E0E9D02280E8D51
:10B9E0001FD31C83F8233041B012CEB90F4E304123
:10B9F0000D430F9304343D4003003FE31F530E9368
:10BA000003345DE33EE31E530D12B012CEB93D4147
:10BA10006DB302243EE31E535DB302243FE31F5384
:10BA20003041B012F0B90F4E30410B120D930A2481
:10BA30007B4F7C4E4B9C04244F4B4E4C0F8E033C53
:10BA40003D53F43F0F433B4130410B120A120912A0
:10BA5000081207120D9370240F9E6E24342C0C4E86
:10BA60000CDF1CF31B240C4E0CEF1CF307202D9352
:10BA700007280B4E1BF32C430C8B033C0C4D013C55
:10BA80001C430D8C0A4C094E0B4FFB4900001B5305
:10BA90003A53FB230A4F0A5C0E5C013C0A4F0B4DE4
:10BAA00012C30B100B24094B084E0C4ABC48000073
:10BAB0002C533953FB230B5B0E5B0A5B1DF33C24B9
:10BAC000EA4E0000393C0E5D0C4F0C5D0B4C0BDE5A
:10BAD0001BF31B240B4C0BEE1BF306203D900300C5
:10BAE00003280B4E1BF3013C0B4D0D8B094E0A4CEA
:10BAF000084B088C3A533953EA490000074A075863
:10BB0000F9233BE31B530C5B0E5B0B4D12C30B1075
:10BB10000E240A4B084E094C28832983A9480000AB
:10BB20003A53FA230A8B0B4A0B5B0E5B0C5B1DF33B
:10BB30000324DC4EFFFFFFFF3741384139413A41D2
:10BB40003B4130410B120A12091208123D900600C7
:10BB5000092C0C4F043CCC4E00001C533D530D935C
:10BB6000FA23203C4E4E4B4E0B9303240C4B8C106F
:10BB70000BDC1FB306243D53CF4E0000094F195371
:10BB8000013C094F0C4D12C30C100A49084C8A4B5A
:10BB900000002A533853FB230C5C0C591DF302247C
:10BBA000CC4E0000384139413A413B41304100130D
:10BBB000D252DC52E652F052FA5204530E531C5346
:10BBC000E258F8581A599659A859BC59CA59DA591D
:10BBD000D66ADC6AF06A286B2E6B0A780A780A78D3
:10BBE0001A781A781A781A781A781A781A781A78C5
:10BBF0001A781A781A781A781A781A781A781078BF
:10BC0000107810781678027A027A027A027A127A1A
:10BC1000127A127A127A127A127A127A087A087AD8
:10BC2000087A0E7A2A7D3A7D4A7D5A7D6A7D7C7D2E
:10BC30008E7DA07DD08ED08ED08E168F168F168FD3
:10BC4000168FD68EDA8EDE8EE28EEC8EF08EF48E2D
:10BC5000168F168F168F168FFE8E028F068F0E8F01
:10BC6000189118911891289128912891289128913C
:10BC700028912891289128912891289128912891FC
:10BC8000289128911E911E911E9124919691969132
:10BC90009691CC91CC91CC919E91A691AE91B6917A
:10BCA000CC91CC91CC91CC91CC91CC91CC91C491B4
:10BCB000C491C491C4912C925E927892A292BA924D
:10BCC00002935C93B0933894089486959295B097BC
:10BCD0009E9542967496C496EC96B097B09732971C
:10BCE0005897AE98E498E89A969BA69BB69BC69BFD
:10BCF000D69B1E9B3C9B5C9B769B589B3C9B426CC3
:10BD0000696E6B4170704300109C729C229D7E9DF9
:10BD1000B69DD09DAC9EB69E729F7A9F8A9F0AA1C7
:10BD200022A164A10EA74CA79AA8BEA8ECA8FCA8C3
:10BD300018B264A99EA9E6A966AA9CAAA4AA46ACC0
:10BD4000BEACCAAC6EADAAADC2B1E2B108B2A89F9A
:10BD500026A064A0A6A002A166A76EA702A84EA86E
:10BD6000BAA752AE8AAE18AF8EAF96B1F4AF02B09A
:10BD700010B114B124B124B176B176B112B526B5A3
:10BD800012B674B512B612B612B6F0B512B612B635
:10BD900012B612B612B612B612B63AB50C000000C0
:10BDA0001B0104000000100050009000D000F000C3
:10BDB0000102030102030001020300010203010268
:10BDC00003000102030001020300010203000F014E
:0ABDD000000101010201009C0208BD
:10BDDA00FF02090010102008030001FFFF00B01441
:10BDEA00B014E414FFFFFFFFFFFF04FFFFFFFFFF94
:10BDFA002200010002FFFFFF05FFFF000000FF0015
:10BE0A00FF0000000501000102031200841020084F
:08BE1A000300020012A2010066
:10FFE0003450C4B3AEB628B6D0B266B248B2D2B4BA
:10FFF000B0B472B434503450AAB28CB23450004011
:0400000300004A00AF
:00000001FF
